{"tmp\\js\\hopscotch.js":{"path":"tmp\\js\\hopscotch.js","s":{"1":1,"2":1,"3":0,"4":1,"5":0,"6":1,"7":1,"8":0,"9":1,"10":1,"11":1,"12":1,"13":1,"14":1,"15":1,"16":1,"17":1,"18":1,"19":0,"20":0,"21":1,"22":1,"23":0,"24":1,"25":1031,"26":1031,"27":0,"28":1031,"29":1031,"30":1031,"31":1045,"32":750,"33":1031,"34":1880,"35":1880,"36":1880,"37":1880,"38":5474,"39":1880,"40":248,"41":248,"42":9,"43":239,"44":239,"45":712,"46":712,"47":108,"48":604,"49":108,"50":496,"51":3241,"52":4,"53":4,"54":4,"55":4,"56":4,"57":5,"58":5,"59":5,"60":4,"61":1,"62":3,"63":16,"64":10,"65":6,"66":1,"67":5,"68":292,"69":292,"70":3,"71":289,"72":8,"73":448,"74":448,"75":448,"76":0,"77":448,"78":124,"79":124,"80":124,"81":0,"82":124,"83":108,"84":396,"85":396,"86":197,"87":197,"88":271,"89":0,"90":0,"91":0,"92":0,"93":450,"94":450,"95":860,"96":860,"97":743,"98":743,"99":715,"100":28,"101":28,"102":28,"103":28,"104":0,"105":28,"106":0,"107":0,"108":28,"109":28,"110":28,"111":0,"112":0,"113":0,"114":743,"115":743,"116":0,"117":743,"118":743,"119":0,"120":0,"121":0,"122":0,"123":0,"124":0,"125":0,"126":0,"127":0,"128":606,"129":108,"130":108,"131":108,"132":108,"133":0,"134":0,"135":0,"136":0,"137":0,"138":0,"139":0,"140":0,"141":0,"142":77,"143":77,"144":77,"145":77,"146":2,"147":75,"148":75,"149":75,"150":0,"151":75,"152":0,"153":0,"154":75,"155":173,"156":173,"157":0,"158":248,"159":1,"160":248,"161":7,"162":7,"163":0,"164":7,"165":14,"166":14,"167":7,"168":7,"169":0,"170":0,"171":0,"172":0,"173":0,"174":0,"175":0,"176":0,"177":0,"178":0,"179":0,"180":0,"181":0,"182":0,"183":136,"184":248,"185":1,"186":1,"187":1,"188":1,"189":1,"190":1,"191":195,"192":1,"193":124,"194":124,"195":124,"196":124,"197":124,"198":124,"199":124,"200":124,"201":124,"202":14,"203":14,"204":14,"205":3,"206":3,"207":3,"208":102,"209":102,"210":102,"211":5,"212":5,"213":5,"214":0,"215":124,"216":124,"217":0,"218":124,"219":124,"220":124,"221":0,"222":0,"223":0,"224":0,"225":0,"226":0,"227":0,"228":0,"229":0,"230":0,"231":124,"232":124,"233":0,"234":124,"235":124,"236":0,"237":124,"238":124,"239":124,"240":124,"241":124,"242":124,"243":124,"244":124,"245":124,"246":124,"247":0,"248":0,"249":124,"250":110,"251":110,"252":110,"253":110,"254":110,"255":110,"256":110,"257":110,"258":110,"259":110,"260":14,"261":14,"262":14,"263":14,"264":124,"265":48,"266":76,"267":1,"268":75,"269":124,"270":124,"271":124,"272":124,"273":124,"274":2,"275":122,"276":3,"277":1,"278":2,"279":119,"280":2,"281":117,"282":1,"283":116,"284":122,"285":122,"286":122,"287":244,"288":244,"289":122,"290":122,"291":122,"292":122,"293":122,"294":122,"295":122,"296":122,"297":470,"298":470,"299":85,"300":85,"301":74,"302":470,"303":234,"304":234,"305":30,"306":204,"307":234,"308":122,"309":122,"310":13,"311":109,"312":3,"313":106,"314":101,"315":5,"316":5,"317":109,"318":2,"319":107,"320":3,"321":104,"322":99,"323":5,"324":5,"325":109,"326":109,"327":109,"328":109,"329":97,"330":109,"331":0,"332":109,"333":109,"334":714,"335":714,"336":714,"337":714,"338":714,"339":411,"340":411,"341":303,"342":303,"343":714,"344":714,"345":714,"346":192,"347":192,"348":192,"349":192,"350":3,"351":3,"352":3,"353":1,"354":3,"355":0,"356":3,"357":2,"358":1,"359":1,"360":0,"361":0,"362":0,"363":0,"364":0,"365":3,"366":3,"367":2,"368":0,"369":2,"370":2,"371":1,"372":1,"373":0,"374":0,"375":0,"376":0,"377":0,"378":0,"379":0,"380":0,"381":0,"382":0,"383":0,"384":0,"385":0,"386":195,"387":195,"388":195,"389":195,"390":195,"391":195,"392":195,"393":195,"394":14,"395":181,"396":181,"397":72,"398":195,"399":0,"400":0,"401":0,"402":0,"403":0,"404":0,"405":195,"406":195,"407":3,"408":195,"409":195,"410":195,"411":195,"412":0,"413":0,"414":0,"415":0,"416":0,"417":0,"418":0,"419":0,"420":0,"421":0,"422":0,"423":0,"424":0,"425":1,"426":1,"427":1,"428":17,"429":17,"430":17,"431":1,"432":16,"433":1,"434":15,"435":1,"436":14,"437":14,"438":14,"439":14,"440":14,"441":14,"442":14,"443":14,"444":0,"445":0,"446":14,"447":1,"448":0,"449":1,"450":101,"451":101,"452":146,"453":146,"454":1,"455":150,"456":150,"457":150,"458":150,"459":136,"460":14,"461":1,"462":2,"463":2,"464":3,"465":3,"466":3,"467":3,"468":1,"469":1,"470":1,"471":591,"472":181,"473":591,"474":85,"475":591,"476":178,"477":178,"478":178,"479":1231,"480":1,"481":1230,"482":537,"483":537,"484":6,"485":531,"486":537,"487":2,"488":108,"489":108,"490":93,"491":93,"492":15,"493":0,"494":0,"495":0,"496":15,"497":0,"498":0,"499":0,"500":0,"501":0,"502":15,"503":15,"504":0,"505":0,"506":0,"507":0,"508":0,"509":0,"510":0,"511":0,"512":0,"513":0,"514":0,"515":0,"516":0,"517":0,"518":0,"519":0,"520":0,"521":0,"522":0,"523":27,"524":27,"525":27,"526":27,"527":27,"528":27,"529":27,"530":16,"531":1,"532":16,"533":11,"534":11,"535":11,"536":27,"537":0,"538":27,"539":0,"540":38,"541":38,"542":38,"543":38,"544":38,"545":3,"546":38,"547":38,"548":30,"549":8,"550":38,"551":36,"552":36,"553":0,"554":36,"555":36,"556":28,"557":8,"558":36,"559":1,"560":35,"561":0,"562":0,"563":35,"564":35,"565":35,"566":0,"567":38,"568":14,"569":14,"570":24,"571":23,"572":23,"573":23,"574":1,"575":1,"576":22,"577":1,"578":1,"579":36,"580":77,"581":77,"582":211,"583":57,"584":77,"585":77,"586":77,"587":2,"588":2,"589":2,"590":2,"591":1,"592":2,"593":77,"594":76,"595":76,"596":76,"597":76,"598":76,"599":76,"600":69,"601":67,"602":7,"603":7,"604":7,"605":7,"606":2,"607":2,"608":5,"609":5,"610":110,"611":1,"612":95,"613":95,"614":110,"615":1,"616":110,"617":110,"618":110,"619":108,"620":108,"621":0,"622":108,"623":5,"624":108,"625":108,"626":108,"627":11,"628":108,"629":1,"630":0,"631":1,"632":118,"633":1,"634":118,"635":1,"636":79,"637":79,"638":79,"639":1,"640":78,"641":1,"642":77,"643":77,"644":77,"645":9,"646":1,"647":8,"648":76,"649":0,"650":0,"651":76,"652":2,"653":2,"654":1,"655":3,"656":74,"657":67,"658":76,"659":76,"660":76,"661":5,"662":5,"663":71,"664":71,"665":71,"666":71,"667":71,"668":0,"669":0,"670":0,"671":71,"672":74,"673":1,"674":111,"675":111,"676":1,"677":1,"678":1,"679":1,"680":110,"681":0,"682":0,"683":110,"684":108,"685":1,"686":8,"687":8,"688":1,"689":30,"690":30,"691":1,"692":178,"693":178,"694":178,"695":178,"696":77,"697":77,"698":1,"699":178,"700":178,"701":178,"702":178,"703":173,"704":178,"705":71,"706":71,"707":70,"708":178,"709":178,"710":178,"711":178,"712":178,"713":1,"714":291,"715":1,"716":2,"717":1,"718":15,"719":1,"720":578,"721":578,"722":106,"723":578,"724":1,"725":2,"726":2,"727":1,"728":2,"729":2,"730":1,"731":8,"732":8,"733":8,"734":1,"735":0,"736":0,"737":0,"738":0,"739":0,"740":1,"741":178,"742":178,"743":1246,"744":1246,"745":1246,"746":1246,"747":8,"748":8,"749":8,"750":0,"751":178,"752":1,"753":5,"754":5,"755":1,"756":5,"757":1,"758":0,"759":0,"760":0,"761":0,"762":0,"763":1,"764":0,"765":0,"766":1,"767":179,"768":179,"769":1,"770":15,"771":15,"772":1,"773":0,"774":1,"775":85,"776":85,"777":0,"778":85,"779":85,"780":85,"781":85,"782":595,"783":595,"784":8,"785":85,"786":85,"787":1,"788":8,"789":1,"790":15,"791":15,"792":14,"793":14,"794":1,"795":1,"796":15,"797":1,"798":1,"799":1,"800":1,"801":1,"802":1,"803":1,"804":1,"805":1,"806":4,"807":2,"808":2,"809":0,"810":2,"811":1,"812":0,"813":1,"814":0,"815":1,"816":0,"817":1,"818":0,"819":1,"820":1,"821":1,"822":1,"823":113,"824":1,"825":0,"826":1,"827":226,"828":4,"829":222,"830":113,"831":113,"832":113,"833":113,"834":113,"835":113,"836":113,"837":103,"838":113,"839":113,"840":113,"841":113,"842":113,"843":113,"844":113,"845":113,"846":7,"847":113,"848":113,"849":3,"850":113,"851":113,"852":101,"853":113,"854":113,"855":112,"856":113,"857":113,"858":1},"b":{"1":[0,1],"2":[1,0],"3":[0,1],"4":[0,1],"5":[1,1],"6":[1,0],"7":[0,1],"8":[0,1],"9":[0,1031],"10":[750,295],"11":[9,239],"12":[108,604],"13":[108,496],"14":[617,2624],"15":[4,0],"16":[4,0],"17":[5,0],"18":[4,1],"19":[10,6],"20":[1,5],"21":[6,1],"22":[3,289],"23":[448,0],"24":[124,0],"25":[108,0],"26":[396,0],"27":[396,0],"28":[197,0],"29":[197,0],"30":[0,0],"31":[0,0],"32":[860,0],"33":[715,28],"34":[28,0],"35":[0,28],"36":[0,0],"37":[28,0],"38":[0,0],"39":[0,743],"40":[743,743],"41":[743,0],"42":[0,0],"43":[0,0],"44":[0,0],"45":[606,568],"46":[108,0],"47":[108,108],"48":[0,0],"49":[0,0],"50":[77,0],"51":[2,75],"52":[0,75],"53":[173,0],"54":[1,247],"55":[248,1],"56":[7,241],"57":[248,14],"58":[0,7],"59":[7,7],"60":[14,7],"61":[0,0],"62":[7,117],"63":[124,0],"64":[7,117],"65":[14,3,102,5,0],"66":[124,0],"67":[124,0],"68":[0,0],"69":[0,0],"70":[0,0],"71":[0,0],"72":[0,0],"73":[0,0],"74":[124,0],"75":[0,124],"76":[0,124],"77":[0,124],"78":[0,124],"79":[124,0],"80":[124,124],"81":[0,124],"82":[124,0],"83":[0,0],"84":[110,14],"85":[110,0],"86":[25,85],"87":[2,83],"88":[110,0],"89":[6,8],"90":[48,76],"91":[1,75],"92":[124,16],"93":[124,3],"94":[124,0],"95":[124,0],"96":[124,124],"97":[124,120],"98":[124,122],"99":[2,122],"100":[3,119],"101":[1,2],"102":[3,3],"103":[2,117],"104":[1,116],"105":[117,117],"106":[122,122],"107":[2,120],"108":[122,0],"109":[74,11],"110":[30,204],"111":[234,30],"112":[13,109],"113":[3,106],"114":[101,5],"115":[5,0],"116":[2,107],"117":[3,104],"118":[99,5],"119":[5,0],"120":[411,303],"121":[192,0],"122":[3,0],"123":[3,0],"124":[0,3],"125":[2,1],"126":[1,0],"127":[0,0],"128":[0,0],"129":[2,1],"130":[0,2],"131":[2,0],"132":[1,0],"133":[0,0],"134":[0,0],"135":[0,0],"136":[0,0],"137":[0,0],"138":[0,0],"139":[1,194],"140":[14,181],"141":[72,109],"142":[0,0],"143":[0,0],"144":[195,0],"145":[0,0],"146":[0,0],"147":[17,0],"148":[1,16],"149":[1,15],"150":[1,14],"151":[0,14],"152":[146,0],"153":[136,14],"154":[3,0],"155":[3,3],"156":[1,2],"157":[3,1],"158":[181,410],"159":[591,413,413],"160":[85,506],"161":[178,0],"162":[1,1230],"163":[6,531],"164":[537,536,531],"165":[0,108],"166":[13,95],"167":[0,108],"168":[28,80],"169":[93,15],"170":[108,95,2],"171":[93,0],"172":[0,15],"173":[0,0],"174":[0,15],"175":[15,0,0,0,0],"176":[0,0],"177":[0,0],"178":[15,0],"179":[0,0],"180":[0,0],"181":[0,0],"182":[0,0,0,0],"183":[0,0],"184":[0,0],"185":[0,0],"186":[27,0],"187":[27,27],"188":[16,11],"189":[1,15],"190":[0,27],"191":[3,35],"192":[30,8],"193":[8,8],"194":[0,36],"195":[36,0],"196":[28,8],"197":[1,35],"198":[0,35],"199":[35,0],"200":[14,24],"201":[38,38],"202":[23,1],"203":[24,24],"204":[1,22],"205":[23,1],"206":[1,0],"207":[57,154],"208":[211,211,134],"209":[2,75],"210":[1,1],"211":[76,67],"212":[76,0],"213":[69,7],"214":[7,0],"215":[2,5],"216":[1,109],"217":[110,4],"218":[108,0],"219":[5,103],"220":[11,97],"221":[108,108],"222":[0,1],"223":[1,117],"224":[79,0],"225":[1,78],"226":[1,77],"227":[78,78],"228":[9,68],"229":[1,8],"230":[0,76],"231":[2,74],"232":[76,68,34],"233":[1,1],"234":[67,7],"235":[76,71],"236":[5,71],"237":[0,71],"238":[0,0],"239":[1,110],"240":[0,110],"241":[77,101],"242":[1,76],"243":[77,72],"244":[173,5],"245":[71,107],"246":[70,1],"247":[71,71],"248":[1,1],"249":[8,0],"250":[0,0],"251":[1246,0],"252":[1246,0],"253":[1246,0],"254":[8,0],"255":[5,0],"256":[5,5],"257":[0,0],"258":[0,85],"259":[85,0],"260":[8,587],"261":[14,1],"262":[1,0],"263":[1,0],"264":[2,2],"265":[0,2],"266":[0,1],"267":[0,1],"268":[0,1],"269":[0,1],"270":[1,0],"271":[1,1],"272":[4,222],"273":[0,113],"274":[0,113],"275":[103,10],"276":[0,103],"277":[113,0],"278":[0,113],"279":[113,0],"280":[0,113],"281":[7,106],"282":[0,7],"283":[3,110],"284":[0,3],"285":[101,12],"286":[0,101],"287":[112,1],"288":[0,112]},"f":{"1":1,"2":1,"3":0,"4":1,"5":1031,"6":1880,"7":248,"8":712,"9":3241,"10":4,"11":5,"12":16,"13":292,"14":448,"15":124,"16":108,"17":396,"18":197,"19":271,"20":0,"21":450,"22":743,"23":743,"24":606,"25":108,"26":77,"27":173,"28":248,"29":248,"30":0,"31":0,"32":136,"33":248,"34":195,"35":124,"36":124,"37":470,"38":234,"39":122,"40":109,"41":109,"42":97,"43":0,"44":714,"45":192,"46":3,"47":3,"48":195,"49":0,"50":0,"51":3,"52":0,"53":0,"54":1,"55":17,"56":14,"57":0,"58":101,"59":150,"60":2,"61":1,"62":591,"63":178,"64":1231,"65":537,"66":2,"67":108,"68":0,"69":27,"70":27,"71":38,"72":36,"73":14,"74":77,"75":76,"76":110,"77":95,"78":108,"79":108,"80":1,"81":118,"82":79,"83":76,"84":111,"85":0,"86":8,"87":30,"88":178,"89":291,"90":2,"91":15,"92":578,"93":2,"94":8,"95":0,"96":178,"97":5,"98":5,"99":0,"100":0,"101":179,"102":15,"103":0,"104":85,"105":8,"106":15,"107":1,"108":1,"109":4,"110":1,"111":113,"112":0,"113":226},"fnMap":{"1":{"name":"(anonymous_1)","line":1,"loc":{"start":{"line":1,"column":1},"end":{"line":1,"column":28}}},"2":{"name":"(anonymous_2)","line":19,"loc":{"start":{"line":19,"column":9},"end":{"line":19,"column":20}}},"3":{"name":"(anonymous_3)","line":76,"loc":{"start":{"line":76,"column":20},"end":{"line":76,"column":34}}},"4":{"name":"(anonymous_4)","line":86,"loc":{"start":{"line":86,"column":19},"end":{"line":86,"column":30}}},"5":{"name":"(anonymous_5)","line":110,"loc":{"start":{"line":110,"column":14},"end":{"line":110,"column":42}}},"6":{"name":"(anonymous_6)","line":139,"loc":{"start":{"line":139,"column":17},"end":{"line":139,"column":48}}},"7":{"name":"(anonymous_7)","line":159,"loc":{"start":{"line":159,"column":14},"end":{"line":159,"column":43}}},"8":{"name":"(anonymous_8)","line":170,"loc":{"start":{"line":170,"column":19},"end":{"line":170,"column":33}}},"9":{"name":"(anonymous_9)","line":182,"loc":{"start":{"line":182,"column":18},"end":{"line":182,"column":44}}},"10":{"name":"(anonymous_10)","line":191,"loc":{"start":{"line":191,"column":31},"end":{"line":191,"column":45}}},"11":{"name":"(anonymous_11)","line":210,"loc":{"start":{"line":210,"column":25},"end":{"line":210,"column":39}}},"12":{"name":"(anonymous_12)","line":231,"loc":{"start":{"line":231,"column":20},"end":{"line":231,"column":33}}},"13":{"name":"(anonymous_13)","line":249,"loc":{"start":{"line":249,"column":26},"end":{"line":249,"column":52}}},"14":{"name":"(anonymous_14)","line":268,"loc":{"start":{"line":268,"column":18},"end":{"line":268,"column":29}}},"15":{"name":"(anonymous_15)","line":283,"loc":{"start":{"line":283,"column":19},"end":{"line":283,"column":30}}},"16":{"name":"(anonymous_16)","line":298,"loc":{"start":{"line":298,"column":21},"end":{"line":298,"column":32}}},"17":{"name":"(anonymous_17)","line":305,"loc":{"start":{"line":305,"column":20},"end":{"line":305,"column":46}}},"18":{"name":"(anonymous_18)","line":314,"loc":{"start":{"line":314,"column":23},"end":{"line":314,"column":49}}},"19":{"name":"(anonymous_19)","line":320,"loc":{"start":{"line":320,"column":21},"end":{"line":320,"column":32}}},"20":{"name":"(anonymous_20)","line":327,"loc":{"start":{"line":327,"column":23},"end":{"line":327,"column":37}}},"21":{"name":"(anonymous_21)","line":339,"loc":{"start":{"line":339,"column":12},"end":{"line":339,"column":33}}},"22":{"name":"(anonymous_22)","line":362,"loc":{"start":{"line":362,"column":25},"end":{"line":362,"column":41}}},"23":{"name":"(anonymous_23)","line":404,"loc":{"start":{"line":404,"column":19},"end":{"line":404,"column":34}}},"24":{"name":"(anonymous_24)","line":443,"loc":{"start":{"line":443,"column":19},"end":{"line":443,"column":33}}},"25":{"name":"(anonymous_25)","line":456,"loc":{"start":{"line":456,"column":14},"end":{"line":456,"column":40}}},"26":{"name":"(anonymous_26)","line":487,"loc":{"start":{"line":487,"column":14},"end":{"line":487,"column":29}}},"27":{"name":"(anonymous_27)","line":518,"loc":{"start":{"line":518,"column":16},"end":{"line":518,"column":31}}},"28":{"name":"(anonymous_28)","line":532,"loc":{"start":{"line":532,"column":24},"end":{"line":532,"column":39}}},"29":{"name":"(anonymous_29)","line":542,"loc":{"start":{"line":542,"column":19},"end":{"line":542,"column":33}}},"30":{"name":"(anonymous_30)","line":561,"loc":{"start":{"line":561,"column":18},"end":{"line":561,"column":37}}},"31":{"name":"(anonymous_31)","line":573,"loc":{"start":{"line":573,"column":34},"end":{"line":573,"column":53}}},"32":{"name":"(anonymous_32)","line":589,"loc":{"start":{"line":589,"column":22},"end":{"line":589,"column":41}}},"33":{"name":"(anonymous_33)","line":596,"loc":{"start":{"line":596,"column":24},"end":{"line":596,"column":46}}},"34":{"name":"(anonymous_34)","line":638,"loc":{"start":{"line":638,"column":20},"end":{"line":638,"column":34}}},"35":{"name":"(anonymous_35)","line":654,"loc":{"start":{"line":654,"column":17},"end":{"line":654,"column":32}}},"36":{"name":"(anonymous_36)","line":768,"loc":{"start":{"line":768,"column":12},"end":{"line":768,"column":42}}},"37":{"name":"(anonymous_37)","line":913,"loc":{"start":{"line":913,"column":17},"end":{"line":913,"column":31}}},"38":{"name":"(anonymous_38)","line":933,"loc":{"start":{"line":933,"column":21},"end":{"line":933,"column":35}}},"39":{"name":"(anonymous_39)","line":949,"loc":{"start":{"line":949,"column":15},"end":{"line":949,"column":35}}},"40":{"name":"(anonymous_40)","line":972,"loc":{"start":{"line":972,"column":24},"end":{"line":972,"column":35}}},"41":{"name":"(anonymous_41)","line":987,"loc":{"start":{"line":987,"column":10},"end":{"line":987,"column":21}}},"42":{"name":"(anonymous_42)","line":994,"loc":{"start":{"line":994,"column":17},"end":{"line":994,"column":28}}},"43":{"name":"(anonymous_43)","line":997,"loc":{"start":{"line":997,"column":17},"end":{"line":997,"column":28}}},"44":{"name":"(anonymous_44)","line":1004,"loc":{"start":{"line":1004,"column":10},"end":{"line":1004,"column":27}}},"45":{"name":"(anonymous_45)","line":1026,"loc":{"start":{"line":1026,"column":13},"end":{"line":1026,"column":24}}},"46":{"name":"(anonymous_46)","line":1035,"loc":{"start":{"line":1035,"column":24},"end":{"line":1035,"column":37}}},"47":{"name":"findMatchRecur","line":1046,"loc":{"start":{"line":1046,"column":6},"end":{"line":1046,"column":33}}},"48":{"name":"(anonymous_48)","line":1110,"loc":{"start":{"line":1110,"column":10},"end":{"line":1110,"column":28}}},"49":{"name":"(anonymous_49)","line":1159,"loc":{"start":{"line":1159,"column":20},"end":{"line":1159,"column":31}}},"50":{"name":"(anonymous_50)","line":1165,"loc":{"start":{"line":1165,"column":19},"end":{"line":1165,"column":30}}},"51":{"name":"(anonymous_51)","line":1176,"loc":{"start":{"line":1176,"column":21},"end":{"line":1176,"column":34}}},"52":{"name":"(anonymous_52)","line":1191,"loc":{"start":{"line":1191,"column":25},"end":{"line":1191,"column":36}}},"53":{"name":"(anonymous_53)","line":1202,"loc":{"start":{"line":1202,"column":25},"end":{"line":1202,"column":36}}},"54":{"name":"(anonymous_54)","line":1223,"loc":{"start":{"line":1223,"column":28},"end":{"line":1223,"column":39}}},"55":{"name":"(anonymous_55)","line":1237,"loc":{"start":{"line":1237,"column":25},"end":{"line":1237,"column":39}}},"56":{"name":"(anonymous_56)","line":1255,"loc":{"start":{"line":1255,"column":34},"end":{"line":1255,"column":45}}},"57":{"name":"(anonymous_57)","line":1276,"loc":{"start":{"line":1276,"column":22},"end":{"line":1276,"column":35}}},"58":{"name":"(anonymous_58)","line":1285,"loc":{"start":{"line":1285,"column":29},"end":{"line":1285,"column":40}}},"59":{"name":"(anonymous_59)","line":1302,"loc":{"start":{"line":1302,"column":25},"end":{"line":1302,"column":38}}},"60":{"name":"(anonymous_60)","line":1320,"loc":{"start":{"line":1320,"column":35},"end":{"line":1320,"column":45}}},"61":{"name":"(anonymous_61)","line":1344,"loc":{"start":{"line":1344,"column":14},"end":{"line":1344,"column":36}}},"62":{"name":"(anonymous_62)","line":1366,"loc":{"start":{"line":1366,"column":16},"end":{"line":1366,"column":37}}},"63":{"name":"(anonymous_63)","line":1390,"loc":{"start":{"line":1390,"column":20},"end":{"line":1390,"column":31}}},"64":{"name":"(anonymous_64)","line":1405,"loc":{"start":{"line":1405,"column":16},"end":{"line":1405,"column":31}}},"65":{"name":"(anonymous_65)","line":1418,"loc":{"start":{"line":1418,"column":18},"end":{"line":1418,"column":29}}},"66":{"name":"(anonymous_66)","line":1436,"loc":{"start":{"line":1436,"column":24},"end":{"line":1436,"column":35}}},"67":{"name":"(anonymous_67)","line":1450,"loc":{"start":{"line":1450,"column":25},"end":{"line":1450,"column":38}}},"68":{"name":"(anonymous_68)","line":1532,"loc":{"start":{"line":1532,"column":28},"end":{"line":1532,"column":39}}},"69":{"name":"(anonymous_69)","line":1573,"loc":{"start":{"line":1573,"column":25},"end":{"line":1573,"column":49}}},"70":{"name":"(anonymous_70)","line":1584,"loc":{"start":{"line":1584,"column":21},"end":{"line":1584,"column":32}}},"71":{"name":"(anonymous_71)","line":1628,"loc":{"start":{"line":1628,"column":17},"end":{"line":1628,"column":50}}},"72":{"name":"(anonymous_72)","line":1660,"loc":{"start":{"line":1660,"column":21},"end":{"line":1660,"column":39}}},"73":{"name":"(anonymous_73)","line":1705,"loc":{"start":{"line":1705,"column":38},"end":{"line":1705,"column":56}}},"74":{"name":"(anonymous_74)","line":1733,"loc":{"start":{"line":1733,"column":15},"end":{"line":1733,"column":30}}},"75":{"name":"(anonymous_75)","line":1773,"loc":{"start":{"line":1773,"column":23},"end":{"line":1773,"column":69}}},"76":{"name":"(anonymous_76)","line":1810,"loc":{"start":{"line":1810,"column":21},"end":{"line":1810,"column":39}}},"77":{"name":"showBubble","line":1815,"loc":{"start":{"line":1815,"column":6},"end":{"line":1815,"column":28}}},"78":{"name":"(anonymous_78)","line":1830,"loc":{"start":{"line":1830,"column":35},"end":{"line":1830,"column":58}}},"79":{"name":"(anonymous_79)","line":1848,"loc":{"start":{"line":1848,"column":21},"end":{"line":1848,"column":32}}},"80":{"name":"(anonymous_80)","line":1866,"loc":{"start":{"line":1866,"column":11},"end":{"line":1866,"column":33}}},"81":{"name":"(anonymous_81)","line":1881,"loc":{"start":{"line":1881,"column":29},"end":{"line":1881,"column":40}}},"82":{"name":"(anonymous_82)","line":1899,"loc":{"start":{"line":1899,"column":21},"end":{"line":1899,"column":45}}},"83":{"name":"(anonymous_83)","line":1951,"loc":{"start":{"line":1951,"column":50},"end":{"line":1951,"column":68}}},"84":{"name":"(anonymous_84)","line":1994,"loc":{"start":{"line":1994,"column":20},"end":{"line":1994,"column":38}}},"85":{"name":"(anonymous_85)","line":2005,"loc":{"start":{"line":2005,"column":19},"end":{"line":2005,"column":30}}},"86":{"name":"(anonymous_86)","line":2023,"loc":{"start":{"line":2023,"column":20},"end":{"line":2023,"column":42}}},"87":{"name":"(anonymous_87)","line":2036,"loc":{"start":{"line":2036,"column":20},"end":{"line":2036,"column":42}}},"88":{"name":"(anonymous_88)","line":2050,"loc":{"start":{"line":2050,"column":19},"end":{"line":2050,"column":53}}},"89":{"name":"(anonymous_89)","line":2094,"loc":{"start":{"line":2094,"column":23},"end":{"line":2094,"column":34}}},"90":{"name":"(anonymous_90)","line":2103,"loc":{"start":{"line":2103,"column":25},"end":{"line":2103,"column":36}}},"91":{"name":"(anonymous_91)","line":2112,"loc":{"start":{"line":2112,"column":26},"end":{"line":2112,"column":37}}},"92":{"name":"(anonymous_92)","line":2121,"loc":{"start":{"line":2121,"column":34},"end":{"line":2121,"column":45}}},"93":{"name":"(anonymous_93)","line":2141,"loc":{"start":{"line":2141,"column":33},"end":{"line":2141,"column":44}}},"94":{"name":"(anonymous_94)","line":2161,"loc":{"start":{"line":2161,"column":18},"end":{"line":2161,"column":50}}},"95":{"name":"(anonymous_95)","line":2177,"loc":{"start":{"line":2177,"column":20},"end":{"line":2177,"column":42}}},"96":{"name":"(anonymous_96)","line":2203,"loc":{"start":{"line":2203,"column":27},"end":{"line":2203,"column":55}}},"97":{"name":"(anonymous_97)","line":2237,"loc":{"start":{"line":2237,"column":26},"end":{"line":2237,"column":43}}},"98":{"name":"(anonymous_98)","line":2243,"loc":{"start":{"line":2243,"column":28},"end":{"line":2243,"column":41}}},"99":{"name":"(anonymous_99)","line":2247,"loc":{"start":{"line":2247,"column":24},"end":{"line":2247,"column":37}}},"100":{"name":"(anonymous_100)","line":2269,"loc":{"start":{"line":2269,"column":25},"end":{"line":2269,"column":40}}},"101":{"name":"(anonymous_101)","line":2281,"loc":{"start":{"line":2281,"column":31},"end":{"line":2281,"column":42}}},"102":{"name":"(anonymous_102)","line":2293,"loc":{"start":{"line":2293,"column":28},"end":{"line":2293,"column":39}}},"103":{"name":"(anonymous_103)","line":2305,"loc":{"start":{"line":2305,"column":20},"end":{"line":2305,"column":31}}},"104":{"name":"(anonymous_104)","line":2317,"loc":{"start":{"line":2317,"column":17},"end":{"line":2317,"column":50}}},"105":{"name":"(anonymous_105)","line":2440,"loc":{"start":{"line":2440,"column":21},"end":{"line":2440,"column":39}}},"106":{"name":"(anonymous_106)","line":2452,"loc":{"start":{"line":2452,"column":23},"end":{"line":2452,"column":39}}},"107":{"name":"(anonymous_107)","line":2471,"loc":{"start":{"line":2471,"column":22},"end":{"line":2471,"column":35}}},"108":{"name":"(anonymous_108)","line":2485,"loc":{"start":{"line":2485,"column":1},"end":{"line":2485,"column":11}}},"109":{"name":"(anonymous_109)","line":2491,"loc":{"start":{"line":2491,"column":11},"end":{"line":2491,"column":24}}},"110":{"name":"(anonymous_110)","line":2495,"loc":{"start":{"line":2495,"column":57},"end":{"line":2495,"column":72}}},"111":{"name":"(anonymous_111)","line":2506,"loc":{"start":{"line":2506,"column":38},"end":{"line":2506,"column":53}}},"112":{"name":"print","line":2508,"loc":{"start":{"line":2508,"column":0},"end":{"line":2508,"column":17}}},"113":{"name":"optEscape","line":2511,"loc":{"start":{"line":2511,"column":2},"end":{"line":2511,"column":33}}}},"statementMap":{"1":{"start":{"line":1,"column":0},"end":{"line":2578,"column":5}},"2":{"start":{"line":4,"column":2},"end":{"line":18,"column":3}},"3":{"start":{"line":6,"column":4},"end":{"line":6,"column":24}},"4":{"start":{"line":7,"column":9},"end":{"line":18,"column":3}},"5":{"start":{"line":9,"column":4},"end":{"line":9,"column":31}},"6":{"start":{"line":11,"column":4},"end":{"line":11,"column":32}},"7":{"start":{"line":13,"column":4},"end":{"line":16,"column":5}},"8":{"start":{"line":15,"column":6},"end":{"line":15,"column":13}},"9":{"start":{"line":17,"column":4},"end":{"line":17,"column":35}},"10":{"start":{"line":20,"column":2},"end":{"line":46,"column":8}},"11":{"start":{"line":51,"column":2},"end":{"line":58,"column":18}},"12":{"start":{"line":52,"column":4},"end":{"line":57,"column":5}},"13":{"start":{"line":53,"column":6},"end":{"line":53,"column":31}},"14":{"start":{"line":54,"column":6},"end":{"line":54,"column":61}},"15":{"start":{"line":55,"column":6},"end":{"line":55,"column":58}},"16":{"start":{"line":56,"column":6},"end":{"line":56,"column":31}},"17":{"start":{"line":60,"column":2},"end":{"line":73,"column":4}},"18":{"start":{"line":75,"column":2},"end":{"line":79,"column":3}},"19":{"start":{"line":76,"column":4},"end":{"line":78,"column":6}},"20":{"start":{"line":77,"column":6},"end":{"line":77,"column":70}},"21":{"start":{"line":86,"column":2},"end":{"line":90,"column":4}},"22":{"start":{"line":87,"column":4},"end":{"line":89,"column":5}},"23":{"start":{"line":88,"column":6},"end":{"line":88,"column":31}},"24":{"start":{"line":102,"column":2},"end":{"line":599,"column":4}},"25":{"start":{"line":111,"column":6},"end":{"line":115,"column":14}},"26":{"start":{"line":117,"column":6},"end":{"line":129,"column":7}},"27":{"start":{"line":118,"column":8},"end":{"line":118,"column":37}},"28":{"start":{"line":121,"column":8},"end":{"line":121,"column":48}},"29":{"start":{"line":122,"column":8},"end":{"line":122,"column":49}},"30":{"start":{"line":123,"column":8},"end":{"line":127,"column":9}},"31":{"start":{"line":124,"column":10},"end":{"line":126,"column":11}},"32":{"start":{"line":125,"column":12},"end":{"line":125,"column":49}},"33":{"start":{"line":128,"column":8},"end":{"line":128,"column":62}},"34":{"start":{"line":140,"column":6},"end":{"line":144,"column":14}},"35":{"start":{"line":146,"column":6},"end":{"line":146,"column":52}},"36":{"start":{"line":147,"column":6},"end":{"line":147,"column":47}},"37":{"start":{"line":148,"column":6},"end":{"line":150,"column":7}},"38":{"start":{"line":149,"column":8},"end":{"line":149,"column":78}},"39":{"start":{"line":151,"column":6},"end":{"line":151,"column":60}},"40":{"start":{"line":160,"column":6},"end":{"line":160,"column":18}},"41":{"start":{"line":162,"column":6},"end":{"line":162,"column":43}},"42":{"start":{"line":162,"column":28},"end":{"line":162,"column":41}},"43":{"start":{"line":163,"column":6},"end":{"line":163,"column":44}},"44":{"start":{"line":164,"column":6},"end":{"line":164,"column":64}},"45":{"start":{"line":171,"column":6},"end":{"line":171,"column":31}},"46":{"start":{"line":172,"column":6},"end":{"line":172,"column":47}},"47":{"start":{"line":172,"column":34},"end":{"line":172,"column":45}},"48":{"start":{"line":173,"column":6},"end":{"line":173,"column":61}},"49":{"start":{"line":173,"column":34},"end":{"line":173,"column":59}},"50":{"start":{"line":174,"column":6},"end":{"line":174,"column":15}},"51":{"start":{"line":183,"column":6},"end":{"line":183,"column":60}},"52":{"start":{"line":193,"column":6},"end":{"line":193,"column":13}},"53":{"start":{"line":194,"column":6},"end":{"line":199,"column":7}},"54":{"start":{"line":195,"column":8},"end":{"line":195,"column":29}},"55":{"start":{"line":196,"column":8},"end":{"line":198,"column":9}},"56":{"start":{"line":197,"column":10},"end":{"line":197,"column":46}},"57":{"start":{"line":211,"column":6},"end":{"line":211,"column":17}},"58":{"start":{"line":213,"column":6},"end":{"line":223,"column":7}},"59":{"start":{"line":214,"column":8},"end":{"line":222,"column":9}},"60":{"start":{"line":216,"column":10},"end":{"line":216,"column":54}},"61":{"start":{"line":219,"column":10},"end":{"line":221,"column":11}},"62":{"start":{"line":220,"column":12},"end":{"line":220,"column":41}},"63":{"start":{"line":232,"column":6},"end":{"line":234,"column":7}},"64":{"start":{"line":233,"column":8},"end":{"line":233,"column":20}},"65":{"start":{"line":235,"column":6},"end":{"line":240,"column":7}},"66":{"start":{"line":236,"column":8},"end":{"line":236,"column":29}},"67":{"start":{"line":239,"column":8},"end":{"line":239,"column":45}},"68":{"start":{"line":250,"column":6},"end":{"line":254,"column":14}},"69":{"start":{"line":256,"column":6},"end":{"line":258,"column":7}},"70":{"start":{"line":257,"column":8},"end":{"line":257,"column":43}},"71":{"start":{"line":260,"column":6},"end":{"line":262,"column":7}},"72":{"start":{"line":261,"column":8},"end":{"line":261,"column":41}},"73":{"start":{"line":269,"column":6},"end":{"line":269,"column":20}},"74":{"start":{"line":270,"column":6},"end":{"line":276,"column":7}},"75":{"start":{"line":271,"column":8},"end":{"line":271,"column":39}},"76":{"start":{"line":275,"column":8},"end":{"line":275,"column":55}},"77":{"start":{"line":277,"column":6},"end":{"line":277,"column":23}},"78":{"start":{"line":284,"column":6},"end":{"line":284,"column":21}},"79":{"start":{"line":285,"column":6},"end":{"line":291,"column":7}},"80":{"start":{"line":286,"column":8},"end":{"line":286,"column":40}},"81":{"start":{"line":290,"column":8},"end":{"line":290,"column":57}},"82":{"start":{"line":292,"column":6},"end":{"line":292,"column":24}},"83":{"start":{"line":299,"column":6},"end":{"line":299,"column":73}},"84":{"start":{"line":306,"column":6},"end":{"line":308,"column":7}},"85":{"start":{"line":307,"column":8},"end":{"line":307,"column":114}},"86":{"start":{"line":315,"column":6},"end":{"line":317,"column":7}},"87":{"start":{"line":316,"column":8},"end":{"line":316,"column":120}},"88":{"start":{"line":321,"column":6},"end":{"line":321,"column":48}},"89":{"start":{"line":328,"column":6},"end":{"line":333,"column":7}},"90":{"start":{"line":329,"column":8},"end":{"line":329,"column":29}},"91":{"start":{"line":331,"column":11},"end":{"line":333,"column":7}},"92":{"start":{"line":332,"column":8},"end":{"line":332,"column":34}},"93":{"start":{"line":340,"column":6},"end":{"line":340,"column":15}},"94":{"start":{"line":341,"column":6},"end":{"line":345,"column":7}},"95":{"start":{"line":342,"column":8},"end":{"line":344,"column":9}},"96":{"start":{"line":343,"column":10},"end":{"line":343,"column":34}},"97":{"start":{"line":363,"column":6},"end":{"line":363,"column":51}},"98":{"start":{"line":366,"column":6},"end":{"line":368,"column":7}},"99":{"start":{"line":367,"column":8},"end":{"line":367,"column":22}},"100":{"start":{"line":369,"column":6},"end":{"line":375,"column":7}},"101":{"start":{"line":370,"column":10},"end":{"line":370,"column":60}},"102":{"start":{"line":371,"column":10},"end":{"line":371,"column":44}},"103":{"start":{"line":372,"column":10},"end":{"line":374,"column":11}},"104":{"start":{"line":373,"column":14},"end":{"line":373,"column":64}},"105":{"start":{"line":376,"column":6},"end":{"line":379,"column":7}},"106":{"start":{"line":377,"column":8},"end":{"line":377,"column":36}},"107":{"start":{"line":378,"column":8},"end":{"line":378,"column":48}},"108":{"start":{"line":380,"column":6},"end":{"line":384,"column":7}},"109":{"start":{"line":381,"column":8},"end":{"line":383,"column":24}},"110":{"start":{"line":382,"column":10},"end":{"line":382,"column":48}},"111":{"start":{"line":387,"column":6},"end":{"line":389,"column":7}},"112":{"start":{"line":388,"column":8},"end":{"line":388,"column":60}},"113":{"start":{"line":391,"column":6},"end":{"line":391,"column":18}},"114":{"start":{"line":405,"column":6},"end":{"line":405,"column":24}},"115":{"start":{"line":407,"column":6},"end":{"line":409,"column":7}},"116":{"start":{"line":408,"column":8},"end":{"line":408,"column":20}},"117":{"start":{"line":411,"column":6},"end":{"line":431,"column":7}},"118":{"start":{"line":413,"column":8},"end":{"line":413,"column":54}},"119":{"start":{"line":415,"column":11},"end":{"line":431,"column":7}},"120":{"start":{"line":418,"column":8},"end":{"line":419,"column":16}},"121":{"start":{"line":421,"column":8},"end":{"line":429,"column":9}},"122":{"start":{"line":422,"column":10},"end":{"line":428,"column":11}},"123":{"start":{"line":423,"column":12},"end":{"line":423,"column":70}},"124":{"start":{"line":425,"column":12},"end":{"line":427,"column":13}},"125":{"start":{"line":426,"column":14},"end":{"line":426,"column":35}},"126":{"start":{"line":430,"column":8},"end":{"line":430,"column":20}},"127":{"start":{"line":434,"column":6},"end":{"line":434,"column":25}},"128":{"start":{"line":444,"column":6},"end":{"line":444,"column":51}},"129":{"start":{"line":457,"column":6},"end":{"line":458,"column":15}},"130":{"start":{"line":460,"column":6},"end":{"line":481,"column":7}},"131":{"start":{"line":461,"column":8},"end":{"line":467,"column":9}},"132":{"start":{"line":462,"column":10},"end":{"line":462,"column":46}},"133":{"start":{"line":465,"column":10},"end":{"line":465,"column":36}},"134":{"start":{"line":466,"column":10},"end":{"line":466,"column":43}},"135":{"start":{"line":470,"column":8},"end":{"line":474,"column":9}},"136":{"start":{"line":473,"column":10},"end":{"line":473,"column":42}},"137":{"start":{"line":475,"column":8},"end":{"line":479,"column":9}},"138":{"start":{"line":476,"column":10},"end":{"line":476,"column":28}},"139":{"start":{"line":477,"column":10},"end":{"line":477,"column":60}},"140":{"start":{"line":478,"column":10},"end":{"line":478,"column":52}},"141":{"start":{"line":480,"column":8},"end":{"line":480,"column":60}},"142":{"start":{"line":488,"column":6},"end":{"line":492,"column":16}},"143":{"start":{"line":495,"column":6},"end":{"line":500,"column":7}},"144":{"start":{"line":496,"column":8},"end":{"line":496,"column":45}},"145":{"start":{"line":497,"column":8},"end":{"line":499,"column":9}},"146":{"start":{"line":498,"column":10},"end":{"line":498,"column":23}},"147":{"start":{"line":503,"column":6},"end":{"line":510,"column":7}},"148":{"start":{"line":504,"column":8},"end":{"line":504,"column":18}},"149":{"start":{"line":505,"column":8},"end":{"line":505,"column":64}},"150":{"start":{"line":505,"column":35},"end":{"line":505,"column":63}},"151":{"start":{"line":506,"column":8},"end":{"line":509,"column":9}},"152":{"start":{"line":507,"column":10},"end":{"line":507,"column":54}},"153":{"start":{"line":508,"column":10},"end":{"line":508,"column":16}},"154":{"start":{"line":512,"column":6},"end":{"line":512,"column":19}},"155":{"start":{"line":519,"column":6},"end":{"line":524,"column":7}},"156":{"start":{"line":520,"column":8},"end":{"line":520,"column":40}},"157":{"start":{"line":523,"column":8},"end":{"line":523,"column":34}},"158":{"start":{"line":533,"column":6},"end":{"line":535,"column":7}},"159":{"start":{"line":534,"column":8},"end":{"line":534,"column":42}},"160":{"start":{"line":543,"column":6},"end":{"line":555,"column":7}},"161":{"start":{"line":544,"column":8},"end":{"line":544,"column":58}},"162":{"start":{"line":545,"column":8},"end":{"line":547,"column":9}},"163":{"start":{"line":546,"column":10},"end":{"line":546,"column":63}},"164":{"start":{"line":548,"column":8},"end":{"line":553,"column":9}},"165":{"start":{"line":549,"column":10},"end":{"line":549,"column":26}},"166":{"start":{"line":550,"column":10},"end":{"line":552,"column":11}},"167":{"start":{"line":551,"column":12},"end":{"line":551,"column":48}},"168":{"start":{"line":554,"column":8},"end":{"line":554,"column":31}},"169":{"start":{"line":562,"column":8},"end":{"line":562,"column":40}},"170":{"start":{"line":563,"column":8},"end":{"line":566,"column":9}},"171":{"start":{"line":564,"column":12},"end":{"line":564,"column":144}},"172":{"start":{"line":565,"column":12},"end":{"line":565,"column":148}},"173":{"start":{"line":567,"column":8},"end":{"line":567,"column":24}},"174":{"start":{"line":574,"column":8},"end":{"line":574,"column":59}},"175":{"start":{"line":575,"column":8},"end":{"line":575,"column":47}},"176":{"start":{"line":576,"column":8},"end":{"line":576,"column":48}},"177":{"start":{"line":577,"column":8},"end":{"line":582,"column":9}},"178":{"start":{"line":578,"column":12},"end":{"line":578,"column":64}},"179":{"start":{"line":579,"column":12},"end":{"line":579,"column":59}},"180":{"start":{"line":580,"column":12},"end":{"line":580,"column":44}},"181":{"start":{"line":581,"column":12},"end":{"line":581,"column":46}},"182":{"start":{"line":583,"column":8},"end":{"line":583,"column":22}},"183":{"start":{"line":590,"column":8},"end":{"line":590,"column":38}},"184":{"start":{"line":597,"column":8},"end":{"line":597,"column":72}},"185":{"start":{"line":601,"column":2},"end":{"line":601,"column":55}},"186":{"start":{"line":603,"column":2},"end":{"line":611,"column":4}},"187":{"start":{"line":620,"column":2},"end":{"line":620,"column":15}},"188":{"start":{"line":622,"column":2},"end":{"line":629,"column":4}},"189":{"start":{"line":631,"column":2},"end":{"line":631,"column":18}},"190":{"start":{"line":638,"column":2},"end":{"line":640,"column":4}},"191":{"start":{"line":639,"column":4},"end":{"line":639,"column":19}},"192":{"start":{"line":642,"column":2},"end":{"line":1215,"column":4}},"193":{"start":{"line":655,"column":6},"end":{"line":665,"column":55}},"194":{"start":{"line":667,"column":6},"end":{"line":667,"column":32}},"195":{"start":{"line":668,"column":6},"end":{"line":668,"column":37}},"196":{"start":{"line":670,"column":6},"end":{"line":670,"column":43}},"197":{"start":{"line":671,"column":6},"end":{"line":671,"column":45}},"198":{"start":{"line":672,"column":6},"end":{"line":672,"column":82}},"199":{"start":{"line":675,"column":6},"end":{"line":675,"column":134}},"200":{"start":{"line":677,"column":6},"end":{"line":677,"column":103}},"201":{"start":{"line":679,"column":6},"end":{"line":698,"column":7}},"202":{"start":{"line":681,"column":14},"end":{"line":681,"column":84}},"203":{"start":{"line":682,"column":14},"end":{"line":682,"column":42}},"204":{"start":{"line":683,"column":14},"end":{"line":683,"column":20}},"205":{"start":{"line":685,"column":14},"end":{"line":685,"column":62}},"206":{"start":{"line":686,"column":14},"end":{"line":686,"column":42}},"207":{"start":{"line":687,"column":14},"end":{"line":687,"column":20}},"208":{"start":{"line":689,"column":14},"end":{"line":689,"column":37}},"209":{"start":{"line":690,"column":14},"end":{"line":690,"column":83}},"210":{"start":{"line":691,"column":14},"end":{"line":691,"column":20}},"211":{"start":{"line":693,"column":14},"end":{"line":693,"column":37}},"212":{"start":{"line":694,"column":14},"end":{"line":694,"column":62}},"213":{"start":{"line":695,"column":14},"end":{"line":695,"column":20}},"214":{"start":{"line":697,"column":14},"end":{"line":697,"column":105}},"215":{"start":{"line":701,"column":6},"end":{"line":706,"column":7}},"216":{"start":{"line":702,"column":8},"end":{"line":702,"column":60}},"217":{"start":{"line":705,"column":8},"end":{"line":705,"column":39}},"218":{"start":{"line":707,"column":6},"end":{"line":730,"column":7}},"219":{"start":{"line":708,"column":8},"end":{"line":708,"column":31}},"220":{"start":{"line":709,"column":8},"end":{"line":709,"column":37}},"221":{"start":{"line":711,"column":11},"end":{"line":730,"column":7}},"222":{"start":{"line":712,"column":8},"end":{"line":712,"column":31}},"223":{"start":{"line":713,"column":8},"end":{"line":719,"column":9}},"224":{"start":{"line":714,"column":10},"end":{"line":714,"column":105}},"225":{"start":{"line":718,"column":10},"end":{"line":718,"column":55}},"226":{"start":{"line":721,"column":11},"end":{"line":730,"column":7}},"227":{"start":{"line":722,"column":8},"end":{"line":722,"column":37}},"228":{"start":{"line":723,"column":8},"end":{"line":729,"column":9}},"229":{"start":{"line":724,"column":10},"end":{"line":724,"column":101}},"230":{"start":{"line":728,"column":10},"end":{"line":728,"column":49}},"231":{"start":{"line":733,"column":2},"end":{"line":733,"column":94}},"232":{"start":{"line":736,"column":6},"end":{"line":740,"column":7}},"233":{"start":{"line":737,"column":10},"end":{"line":737,"column":92}},"234":{"start":{"line":739,"column":10},"end":{"line":739,"column":79}},"235":{"start":{"line":742,"column":6},"end":{"line":746,"column":7}},"236":{"start":{"line":743,"column":10},"end":{"line":743,"column":92}},"237":{"start":{"line":745,"column":10},"end":{"line":745,"column":77}},"238":{"start":{"line":749,"column":6},"end":{"line":752,"column":7}},"239":{"start":{"line":750,"column":10},"end":{"line":750,"column":38}},"240":{"start":{"line":751,"column":10},"end":{"line":751,"column":40}},"241":{"start":{"line":755,"column":6},"end":{"line":755,"column":69}},"242":{"start":{"line":757,"column":6},"end":{"line":757,"column":32}},"243":{"start":{"line":758,"column":6},"end":{"line":758,"column":34}},"244":{"start":{"line":769,"column":6},"end":{"line":779,"column":15}},"245":{"start":{"line":782,"column":6},"end":{"line":787,"column":7}},"246":{"start":{"line":783,"column":8},"end":{"line":783,"column":29}},"247":{"start":{"line":785,"column":11},"end":{"line":787,"column":7}},"248":{"start":{"line":786,"column":8},"end":{"line":786,"column":29}},"249":{"start":{"line":790,"column":6},"end":{"line":809,"column":7}},"250":{"start":{"line":791,"column":8},"end":{"line":791,"column":46}},"251":{"start":{"line":792,"column":8},"end":{"line":803,"column":9}},"252":{"start":{"line":793,"column":10},"end":{"line":793,"column":47}},"253":{"start":{"line":794,"column":10},"end":{"line":794,"column":57}},"254":{"start":{"line":795,"column":10},"end":{"line":796,"column":81}},"255":{"start":{"line":797,"column":10},"end":{"line":797,"column":35}},"256":{"start":{"line":798,"column":10},"end":{"line":802,"column":11}},"257":{"start":{"line":799,"column":12},"end":{"line":799,"column":47}},"258":{"start":{"line":800,"column":12},"end":{"line":800,"column":84}},"259":{"start":{"line":801,"column":12},"end":{"line":801,"column":82}},"260":{"start":{"line":805,"column":8},"end":{"line":805,"column":41}},"261":{"start":{"line":806,"column":8},"end":{"line":806,"column":51}},"262":{"start":{"line":807,"column":8},"end":{"line":807,"column":29}},"263":{"start":{"line":808,"column":8},"end":{"line":808,"column":80}},"264":{"start":{"line":812,"column":6},"end":{"line":818,"column":7}},"265":{"start":{"line":813,"column":8},"end":{"line":813,"column":53}},"266":{"start":{"line":814,"column":13},"end":{"line":818,"column":7}},"267":{"start":{"line":815,"column":8},"end":{"line":815,"column":53}},"268":{"start":{"line":817,"column":8},"end":{"line":817,"column":53}},"269":{"start":{"line":820,"column":6},"end":{"line":820,"column":32}},"270":{"start":{"line":821,"column":6},"end":{"line":821,"column":37}},"271":{"start":{"line":823,"column":6},"end":{"line":823,"column":38}},"272":{"start":{"line":826,"column":6},"end":{"line":858,"column":8}},"273":{"start":{"line":862,"column":6},"end":{"line":879,"column":7}},"274":{"start":{"line":863,"column":8},"end":{"line":863,"column":50}},"275":{"start":{"line":865,"column":11},"end":{"line":879,"column":7}},"276":{"start":{"line":866,"column":8},"end":{"line":868,"column":9}},"277":{"start":{"line":867,"column":10},"end":{"line":867,"column":114}},"278":{"start":{"line":869,"column":8},"end":{"line":869,"column":74}},"279":{"start":{"line":871,"column":11},"end":{"line":879,"column":7}},"280":{"start":{"line":872,"column":8},"end":{"line":872,"column":44}},"281":{"start":{"line":875,"column":8},"end":{"line":877,"column":9}},"282":{"start":{"line":876,"column":10},"end":{"line":876,"column":107}},"283":{"start":{"line":878,"column":8},"end":{"line":878,"column":67}},"284":{"start":{"line":882,"column":6},"end":{"line":882,"column":29}},"285":{"start":{"line":883,"column":6},"end":{"line":883,"column":36}},"286":{"start":{"line":884,"column":6},"end":{"line":890,"column":7}},"287":{"start":{"line":885,"column":8},"end":{"line":885,"column":27}},"288":{"start":{"line":887,"column":8},"end":{"line":889,"column":9}},"289":{"start":{"line":888,"column":10},"end":{"line":888,"column":30}},"290":{"start":{"line":893,"column":6},"end":{"line":893,"column":77}},"291":{"start":{"line":894,"column":6},"end":{"line":894,"column":37}},"292":{"start":{"line":898,"column":6},"end":{"line":898,"column":23}},"293":{"start":{"line":899,"column":6},"end":{"line":899,"column":29}},"294":{"start":{"line":902,"column":6},"end":{"line":904,"column":7}},"295":{"start":{"line":903,"column":8},"end":{"line":903,"column":37}},"296":{"start":{"line":906,"column":6},"end":{"line":906,"column":18}},"297":{"start":{"line":914,"column":6},"end":{"line":918,"column":36}},"298":{"start":{"line":920,"column":6},"end":{"line":925,"column":7}},"299":{"start":{"line":921,"column":8},"end":{"line":921,"column":34}},"300":{"start":{"line":922,"column":8},"end":{"line":924,"column":9}},"301":{"start":{"line":923,"column":10},"end":{"line":923,"column":30}},"302":{"start":{"line":926,"column":6},"end":{"line":926,"column":37}},"303":{"start":{"line":934,"column":6},"end":{"line":934,"column":56}},"304":{"start":{"line":935,"column":6},"end":{"line":940,"column":7}},"305":{"start":{"line":936,"column":8},"end":{"line":936,"column":31}},"306":{"start":{"line":939,"column":8},"end":{"line":939,"column":22}},"307":{"start":{"line":941,"column":6},"end":{"line":941,"column":17}},"308":{"start":{"line":950,"column":6},"end":{"line":950,"column":60}},"309":{"start":{"line":955,"column":6},"end":{"line":966,"column":7}},"310":{"start":{"line":956,"column":8},"end":{"line":956,"column":45}},"311":{"start":{"line":958,"column":11},"end":{"line":966,"column":7}},"312":{"start":{"line":959,"column":8},"end":{"line":959,"column":43}},"313":{"start":{"line":961,"column":11},"end":{"line":966,"column":7}},"314":{"start":{"line":962,"column":8},"end":{"line":962,"column":46}},"315":{"start":{"line":964,"column":11},"end":{"line":966,"column":7}},"316":{"start":{"line":965,"column":8},"end":{"line":965,"column":45}},"317":{"start":{"line":973,"column":6},"end":{"line":975,"column":7}},"318":{"start":{"line":974,"column":8},"end":{"line":974,"column":22}},"319":{"start":{"line":976,"column":6},"end":{"line":978,"column":7}},"320":{"start":{"line":977,"column":8},"end":{"line":977,"column":20}},"321":{"start":{"line":979,"column":6},"end":{"line":981,"column":7}},"322":{"start":{"line":980,"column":8},"end":{"line":980,"column":23}},"323":{"start":{"line":982,"column":6},"end":{"line":984,"column":7}},"324":{"start":{"line":983,"column":8},"end":{"line":983,"column":22}},"325":{"start":{"line":988,"column":6},"end":{"line":990,"column":27}},"326":{"start":{"line":992,"column":6},"end":{"line":992,"column":46}},"327":{"start":{"line":993,"column":6},"end":{"line":993,"column":46}},"328":{"start":{"line":994,"column":6},"end":{"line":996,"column":13}},"329":{"start":{"line":995,"column":8},"end":{"line":995,"column":53}},"330":{"start":{"line":997,"column":6},"end":{"line":999,"column":18}},"331":{"start":{"line":998,"column":8},"end":{"line":998,"column":51}},"332":{"start":{"line":1000,"column":6},"end":{"line":1000,"column":28}},"333":{"start":{"line":1001,"column":6},"end":{"line":1001,"column":18}},"334":{"start":{"line":1005,"column":6},"end":{"line":1005,"column":28}},"335":{"start":{"line":1007,"column":6},"end":{"line":1007,"column":48}},"336":{"start":{"line":1008,"column":6},"end":{"line":1008,"column":24}},"337":{"start":{"line":1009,"column":6},"end":{"line":1009,"column":25}},"338":{"start":{"line":1012,"column":6},"end":{"line":1020,"column":7}},"339":{"start":{"line":1013,"column":8},"end":{"line":1013,"column":35}},"340":{"start":{"line":1014,"column":8},"end":{"line":1014,"column":43}},"341":{"start":{"line":1018,"column":8},"end":{"line":1018,"column":38}},"342":{"start":{"line":1019,"column":8},"end":{"line":1019,"column":40}},"343":{"start":{"line":1021,"column":6},"end":{"line":1021,"column":90}},"344":{"start":{"line":1022,"column":6},"end":{"line":1022,"column":29}},"345":{"start":{"line":1023,"column":6},"end":{"line":1023,"column":18}},"346":{"start":{"line":1027,"column":6},"end":{"line":1027,"column":28}},"347":{"start":{"line":1029,"column":6},"end":{"line":1031,"column":7}},"348":{"start":{"line":1030,"column":8},"end":{"line":1030,"column":38}},"349":{"start":{"line":1032,"column":6},"end":{"line":1032,"column":57}},"350":{"start":{"line":1036,"column":6},"end":{"line":1036,"column":17}},"351":{"start":{"line":1039,"column":6},"end":{"line":1039,"column":32}},"352":{"start":{"line":1042,"column":6},"end":{"line":1042,"column":55}},"353":{"start":{"line":1046,"column":6},"end":{"line":1061,"column":7}},"354":{"start":{"line":1055,"column":9},"end":{"line":1055,"column":53}},"355":{"start":{"line":1055,"column":39},"end":{"line":1055,"column":51}},"356":{"start":{"line":1056,"column":9},"end":{"line":1056,"column":65}},"357":{"start":{"line":1056,"column":50},"end":{"line":1056,"column":63}},"358":{"start":{"line":1057,"column":9},"end":{"line":1057,"column":67}},"359":{"start":{"line":1057,"column":51},"end":{"line":1057,"column":65}},"360":{"start":{"line":1058,"column":9},"end":{"line":1058,"column":67}},"361":{"start":{"line":1058,"column":51},"end":{"line":1058,"column":65}},"362":{"start":{"line":1059,"column":9},"end":{"line":1059,"column":69}},"363":{"start":{"line":1059,"column":52},"end":{"line":1059,"column":67}},"364":{"start":{"line":1060,"column":18},"end":{"line":1060,"column":58}},"365":{"start":{"line":1063,"column":6},"end":{"line":1063,"column":45}},"366":{"start":{"line":1066,"column":6},"end":{"line":1106,"column":7}},"367":{"start":{"line":1067,"column":8},"end":{"line":1070,"column":9}},"368":{"start":{"line":1069,"column":10},"end":{"line":1069,"column":75}},"369":{"start":{"line":1072,"column":8},"end":{"line":1074,"column":9}},"370":{"start":{"line":1073,"column":10},"end":{"line":1073,"column":52}},"371":{"start":{"line":1076,"column":11},"end":{"line":1106,"column":7}},"372":{"start":{"line":1077,"column":8},"end":{"line":1077,"column":36}},"373":{"start":{"line":1079,"column":11},"end":{"line":1106,"column":7}},"374":{"start":{"line":1080,"column":8},"end":{"line":1080,"column":36}},"375":{"start":{"line":1082,"column":11},"end":{"line":1106,"column":7}},"376":{"start":{"line":1083,"column":8},"end":{"line":1103,"column":9}},"377":{"start":{"line":1084,"column":10},"end":{"line":1086,"column":72}},"378":{"start":{"line":1088,"column":10},"end":{"line":1088,"column":46}},"379":{"start":{"line":1090,"column":10},"end":{"line":1090,"column":52}},"380":{"start":{"line":1092,"column":10},"end":{"line":1094,"column":11}},"381":{"start":{"line":1093,"column":12},"end":{"line":1093,"column":51}},"382":{"start":{"line":1095,"column":10},"end":{"line":1102,"column":11}},"383":{"start":{"line":1098,"column":12},"end":{"line":1098,"column":72}},"384":{"start":{"line":1101,"column":12},"end":{"line":1101,"column":27}},"385":{"start":{"line":1105,"column":8},"end":{"line":1105,"column":37}},"386":{"start":{"line":1111,"column":6},"end":{"line":1121,"column":14}},"387":{"start":{"line":1124,"column":6},"end":{"line":1124,"column":24}},"388":{"start":{"line":1127,"column":6},"end":{"line":1136,"column":8}},"389":{"start":{"line":1137,"column":6},"end":{"line":1137,"column":65}},"390":{"start":{"line":1138,"column":6},"end":{"line":1138,"column":33}},"391":{"start":{"line":1139,"column":6},"end":{"line":1139,"column":21}},"392":{"start":{"line":1142,"column":6},"end":{"line":1142,"column":49}},"393":{"start":{"line":1143,"column":6},"end":{"line":1150,"column":7}},"394":{"start":{"line":1144,"column":8},"end":{"line":1144,"column":58}},"395":{"start":{"line":1146,"column":8},"end":{"line":1146,"column":46}},"396":{"start":{"line":1147,"column":8},"end":{"line":1149,"column":9}},"397":{"start":{"line":1148,"column":10},"end":{"line":1148,"column":52}},"398":{"start":{"line":1159,"column":6},"end":{"line":1169,"column":8}},"399":{"start":{"line":1160,"column":8},"end":{"line":1162,"column":9}},"400":{"start":{"line":1161,"column":10},"end":{"line":1161,"column":17}},"401":{"start":{"line":1164,"column":8},"end":{"line":1164,"column":30}},"402":{"start":{"line":1165,"column":8},"end":{"line":1168,"column":16}},"403":{"start":{"line":1166,"column":10},"end":{"line":1166,"column":42}},"404":{"start":{"line":1167,"column":10},"end":{"line":1167,"column":33}},"405":{"start":{"line":1172,"column":6},"end":{"line":1172,"column":58}},"406":{"start":{"line":1176,"column":6},"end":{"line":1178,"column":8}},"407":{"start":{"line":1177,"column":8},"end":{"line":1177,"column":37}},"408":{"start":{"line":1179,"column":6},"end":{"line":1179,"column":54}},"409":{"start":{"line":1182,"column":6},"end":{"line":1182,"column":18}},"410":{"start":{"line":1185,"column":6},"end":{"line":1213,"column":7}},"411":{"start":{"line":1186,"column":8},"end":{"line":1186,"column":38}},"412":{"start":{"line":1190,"column":8},"end":{"line":1211,"column":9}},"413":{"start":{"line":1191,"column":10},"end":{"line":1196,"column":12}},"414":{"start":{"line":1192,"column":12},"end":{"line":1192,"column":75}},"415":{"start":{"line":1193,"column":12},"end":{"line":1193,"column":61}},"416":{"start":{"line":1195,"column":12},"end":{"line":1195,"column":42}},"417":{"start":{"line":1198,"column":10},"end":{"line":1198,"column":77}},"418":{"start":{"line":1202,"column":10},"end":{"line":1208,"column":12}},"419":{"start":{"line":1203,"column":12},"end":{"line":1207,"column":13}},"420":{"start":{"line":1204,"column":14},"end":{"line":1204,"column":71}},"421":{"start":{"line":1205,"column":14},"end":{"line":1205,"column":57}},"422":{"start":{"line":1206,"column":14},"end":{"line":1206,"column":44}},"423":{"start":{"line":1210,"column":10},"end":{"line":1210,"column":67}},"424":{"start":{"line":1212,"column":8},"end":{"line":1212,"column":59}},"425":{"start":{"line":1223,"column":2},"end":{"line":1335,"column":4}},"426":{"start":{"line":1224,"column":4},"end":{"line":1225,"column":25}},"427":{"start":{"line":1237,"column":4},"end":{"line":1266,"column":6}},"428":{"start":{"line":1238,"column":6},"end":{"line":1238,"column":18}},"429":{"start":{"line":1240,"column":6},"end":{"line":1264,"column":7}},"430":{"start":{"line":1241,"column":8},"end":{"line":1243,"column":9}},"431":{"start":{"line":1242,"column":10},"end":{"line":1242,"column":154}},"432":{"start":{"line":1244,"column":8},"end":{"line":1246,"column":9}},"433":{"start":{"line":1245,"column":10},"end":{"line":1245,"column":91}},"434":{"start":{"line":1247,"column":8},"end":{"line":1249,"column":9}},"435":{"start":{"line":1248,"column":10},"end":{"line":1248,"column":89}},"436":{"start":{"line":1250,"column":8},"end":{"line":1250,"column":56}},"437":{"start":{"line":1251,"column":8},"end":{"line":1251,"column":33}},"438":{"start":{"line":1252,"column":8},"end":{"line":1252,"column":43}},"439":{"start":{"line":1253,"column":8},"end":{"line":1253,"column":35}},"440":{"start":{"line":1254,"column":8},"end":{"line":1254,"column":34}},"441":{"start":{"line":1255,"column":8},"end":{"line":1260,"column":11}},"442":{"start":{"line":1256,"column":10},"end":{"line":1256,"column":25}},"443":{"start":{"line":1257,"column":10},"end":{"line":1259,"column":11}},"444":{"start":{"line":1258,"column":12},"end":{"line":1258,"column":45}},"445":{"start":{"line":1263,"column":8},"end":{"line":1263,"column":54}},"446":{"start":{"line":1265,"column":6},"end":{"line":1265,"column":21}},"447":{"start":{"line":1276,"column":4},"end":{"line":1278,"column":6}},"448":{"start":{"line":1277,"column":6},"end":{"line":1277,"column":26}},"449":{"start":{"line":1285,"column":4},"end":{"line":1293,"column":6}},"450":{"start":{"line":1286,"column":6},"end":{"line":1286,"column":20}},"451":{"start":{"line":1288,"column":6},"end":{"line":1292,"column":7}},"452":{"start":{"line":1289,"column":8},"end":{"line":1291,"column":9}},"453":{"start":{"line":1290,"column":10},"end":{"line":1290,"column":40}},"454":{"start":{"line":1302,"column":4},"end":{"line":1310,"column":6}},"455":{"start":{"line":1303,"column":6},"end":{"line":1303,"column":33}},"456":{"start":{"line":1305,"column":6},"end":{"line":1305,"column":26}},"457":{"start":{"line":1306,"column":6},"end":{"line":1306,"column":29}},"458":{"start":{"line":1307,"column":6},"end":{"line":1307,"column":31}},"459":{"start":{"line":1307,"column":22},"end":{"line":1307,"column":29}},"460":{"start":{"line":1309,"column":6},"end":{"line":1309,"column":24}},"461":{"start":{"line":1320,"column":4},"end":{"line":1334,"column":6}},"462":{"start":{"line":1321,"column":6},"end":{"line":1323,"column":15}},"463":{"start":{"line":1325,"column":6},"end":{"line":1333,"column":7}},"464":{"start":{"line":1326,"column":8},"end":{"line":1332,"column":9}},"465":{"start":{"line":1327,"column":10},"end":{"line":1327,"column":40}},"466":{"start":{"line":1328,"column":10},"end":{"line":1328,"column":40}},"467":{"start":{"line":1329,"column":10},"end":{"line":1331,"column":11}},"468":{"start":{"line":1330,"column":12},"end":{"line":1330,"column":38}},"469":{"start":{"line":1344,"column":2},"end":{"line":2479,"column":4}},"470":{"start":{"line":1345,"column":4},"end":{"line":1871,"column":6}},"471":{"start":{"line":1367,"column":6},"end":{"line":1369,"column":7}},"472":{"start":{"line":1368,"column":8},"end":{"line":1368,"column":42}},"473":{"start":{"line":1370,"column":6},"end":{"line":1380,"column":7}},"474":{"start":{"line":1371,"column":8},"end":{"line":1379,"column":11}},"475":{"start":{"line":1381,"column":6},"end":{"line":1381,"column":20}},"476":{"start":{"line":1391,"column":6},"end":{"line":1394,"column":7}},"477":{"start":{"line":1392,"column":8},"end":{"line":1392,"column":25}},"478":{"start":{"line":1393,"column":8},"end":{"line":1393,"column":22}},"479":{"start":{"line":1406,"column":6},"end":{"line":1408,"column":7}},"480":{"start":{"line":1407,"column":8},"end":{"line":1407,"column":33}},"481":{"start":{"line":1409,"column":6},"end":{"line":1409,"column":62}},"482":{"start":{"line":1419,"column":6},"end":{"line":1419,"column":15}},"483":{"start":{"line":1421,"column":6},"end":{"line":1426,"column":7}},"484":{"start":{"line":1422,"column":8},"end":{"line":1422,"column":20}},"485":{"start":{"line":1425,"column":8},"end":{"line":1425,"column":43}},"486":{"start":{"line":1428,"column":6},"end":{"line":1428,"column":18}},"487":{"start":{"line":1437,"column":6},"end":{"line":1437,"column":22}},"488":{"start":{"line":1451,"column":6},"end":{"line":1484,"column":26}},"489":{"start":{"line":1487,"column":6},"end":{"line":1560,"column":7}},"490":{"start":{"line":1488,"column":8},"end":{"line":1488,"column":25}},"491":{"start":{"line":1488,"column":18},"end":{"line":1488,"column":23}},"492":{"start":{"line":1492,"column":11},"end":{"line":1560,"column":7}},"493":{"start":{"line":1493,"column":8},"end":{"line":1493,"column":40}},"494":{"start":{"line":1495,"column":8},"end":{"line":1495,"column":25}},"495":{"start":{"line":1495,"column":18},"end":{"line":1495,"column":23}},"496":{"start":{"line":1501,"column":8},"end":{"line":1559,"column":9}},"497":{"start":{"line":1506,"column":10},"end":{"line":1506,"column":84}},"498":{"start":{"line":1507,"column":10},"end":{"line":1507,"column":78}},"499":{"start":{"line":1508,"column":10},"end":{"line":1510,"column":56}},"500":{"start":{"line":1511,"column":10},"end":{"line":1511,"column":43}},"501":{"start":{"line":1512,"column":10},"end":{"line":1512,"column":28}},"502":{"start":{"line":1516,"column":13},"end":{"line":1559,"column":9}},"503":{"start":{"line":1517,"column":10},"end":{"line":1517,"column":100}},"504":{"start":{"line":1522,"column":10},"end":{"line":1524,"column":11}},"505":{"start":{"line":1523,"column":12},"end":{"line":1523,"column":28}},"506":{"start":{"line":1530,"column":10},"end":{"line":1530,"column":55}},"507":{"start":{"line":1531,"column":10},"end":{"line":1531,"column":92}},"508":{"start":{"line":1532,"column":10},"end":{"line":1556,"column":12}},"509":{"start":{"line":1533,"column":12},"end":{"line":1534,"column":68}},"510":{"start":{"line":1536,"column":12},"end":{"line":1544,"column":13}},"511":{"start":{"line":1540,"column":14},"end":{"line":1540,"column":41}},"512":{"start":{"line":1541,"column":14},"end":{"line":1541,"column":31}},"513":{"start":{"line":1541,"column":24},"end":{"line":1541,"column":29}},"514":{"start":{"line":1542,"column":14},"end":{"line":1542,"column":47}},"515":{"start":{"line":1543,"column":14},"end":{"line":1543,"column":21}},"516":{"start":{"line":1546,"column":12},"end":{"line":1546,"column":45}},"517":{"start":{"line":1548,"column":12},"end":{"line":1552,"column":13}},"518":{"start":{"line":1550,"column":14},"end":{"line":1550,"column":31}},"519":{"start":{"line":1550,"column":24},"end":{"line":1550,"column":29}},"520":{"start":{"line":1551,"column":14},"end":{"line":1551,"column":21}},"521":{"start":{"line":1555,"column":12},"end":{"line":1555,"column":44}},"522":{"start":{"line":1558,"column":10},"end":{"line":1558,"column":28}},"523":{"start":{"line":1574,"column":6},"end":{"line":1576,"column":21}},"524":{"start":{"line":1578,"column":6},"end":{"line":1615,"column":7}},"525":{"start":{"line":1581,"column":8},"end":{"line":1581,"column":33}},"526":{"start":{"line":1582,"column":8},"end":{"line":1582,"column":29}},"527":{"start":{"line":1584,"column":8},"end":{"line":1604,"column":10}},"528":{"start":{"line":1585,"column":10},"end":{"line":1585,"column":45}},"529":{"start":{"line":1587,"column":10},"end":{"line":1603,"column":11}},"530":{"start":{"line":1590,"column":12},"end":{"line":1592,"column":13}},"531":{"start":{"line":1591,"column":14},"end":{"line":1591,"column":47}},"532":{"start":{"line":1594,"column":12},"end":{"line":1594,"column":28}},"533":{"start":{"line":1598,"column":12},"end":{"line":1598,"column":45}},"534":{"start":{"line":1601,"column":12},"end":{"line":1601,"column":48}},"535":{"start":{"line":1602,"column":12},"end":{"line":1602,"column":46}},"536":{"start":{"line":1606,"column":8},"end":{"line":1611,"column":9}},"537":{"start":{"line":1607,"column":10},"end":{"line":1607,"column":45}},"538":{"start":{"line":1610,"column":10},"end":{"line":1610,"column":23}},"539":{"start":{"line":1614,"column":8},"end":{"line":1614,"column":15}},"540":{"start":{"line":1629,"column":6},"end":{"line":1634,"column":23}},"541":{"start":{"line":1636,"column":6},"end":{"line":1636,"column":20}},"542":{"start":{"line":1638,"column":6},"end":{"line":1638,"column":58}},"543":{"start":{"line":1640,"column":6},"end":{"line":1640,"column":27}},"544":{"start":{"line":1642,"column":6},"end":{"line":1645,"column":7}},"545":{"start":{"line":1644,"column":8},"end":{"line":1644,"column":87}},"546":{"start":{"line":1647,"column":6},"end":{"line":1647,"column":22}},"547":{"start":{"line":1648,"column":6},"end":{"line":1653,"column":7}},"548":{"start":{"line":1649,"column":8},"end":{"line":1649,"column":42}},"549":{"start":{"line":1652,"column":8},"end":{"line":1652,"column":84}},"550":{"start":{"line":1660,"column":6},"end":{"line":1702,"column":8}},"551":{"start":{"line":1661,"column":8},"end":{"line":1661,"column":32}},"552":{"start":{"line":1663,"column":8},"end":{"line":1666,"column":9}},"553":{"start":{"line":1665,"column":10},"end":{"line":1665,"column":36}},"554":{"start":{"line":1668,"column":8},"end":{"line":1675,"column":9}},"555":{"start":{"line":1669,"column":10},"end":{"line":1674,"column":11}},"556":{"start":{"line":1670,"column":12},"end":{"line":1670,"column":86}},"557":{"start":{"line":1673,"column":12},"end":{"line":1673,"column":86}},"558":{"start":{"line":1679,"column":8},"end":{"line":1681,"column":9}},"559":{"start":{"line":1680,"column":10},"end":{"line":1680,"column":17}},"560":{"start":{"line":1683,"column":8},"end":{"line":1689,"column":9}},"561":{"start":{"line":1685,"column":11},"end":{"line":1685,"column":28}},"562":{"start":{"line":1688,"column":10},"end":{"line":1688,"column":17}},"563":{"start":{"line":1691,"column":8},"end":{"line":1691,"column":76}},"564":{"start":{"line":1695,"column":8},"end":{"line":1701,"column":9}},"565":{"start":{"line":1696,"column":10},"end":{"line":1696,"column":33}},"566":{"start":{"line":1700,"column":10},"end":{"line":1700,"column":30}},"567":{"start":{"line":1704,"column":6},"end":{"line":1720,"column":7}},"568":{"start":{"line":1705,"column":8},"end":{"line":1707,"column":11}},"569":{"start":{"line":1706,"column":10},"end":{"line":1706,"column":43}},"570":{"start":{"line":1709,"column":11},"end":{"line":1720,"column":7}},"571":{"start":{"line":1711,"column":8},"end":{"line":1711,"column":33}},"572":{"start":{"line":1712,"column":8},"end":{"line":1712,"column":29}},"573":{"start":{"line":1713,"column":8},"end":{"line":1716,"column":9}},"574":{"start":{"line":1714,"column":10},"end":{"line":1714,"column":46}},"575":{"start":{"line":1715,"column":10},"end":{"line":1715,"column":43}},"576":{"start":{"line":1717,"column":8},"end":{"line":1717,"column":45}},"577":{"start":{"line":1718,"column":13},"end":{"line":1720,"column":7}},"578":{"start":{"line":1719,"column":8},"end":{"line":1719,"column":30}},"579":{"start":{"line":1722,"column":6},"end":{"line":1722,"column":18}},"580":{"start":{"line":1734,"column":6},"end":{"line":1737,"column":26}},"581":{"start":{"line":1740,"column":6},"end":{"line":1746,"column":7}},"582":{"start":{"line":1741,"column":8},"end":{"line":1745,"column":9}},"583":{"start":{"line":1744,"column":10},"end":{"line":1744,"column":36}},"584":{"start":{"line":1750,"column":6},"end":{"line":1750,"column":42}},"585":{"start":{"line":1753,"column":6},"end":{"line":1753,"column":58}},"586":{"start":{"line":1754,"column":6},"end":{"line":1764,"column":7}},"587":{"start":{"line":1755,"column":8},"end":{"line":1755,"column":51}},"588":{"start":{"line":1756,"column":8},"end":{"line":1756,"column":49}},"589":{"start":{"line":1757,"column":8},"end":{"line":1757,"column":49}},"590":{"start":{"line":1759,"column":8},"end":{"line":1761,"column":9}},"591":{"start":{"line":1760,"column":10},"end":{"line":1760,"column":61}},"592":{"start":{"line":1763,"column":8},"end":{"line":1763,"column":57}},"593":{"start":{"line":1766,"column":6},"end":{"line":1766,"column":18}},"594":{"start":{"line":1774,"column":6},"end":{"line":1775,"column":17}},"595":{"start":{"line":1777,"column":6},"end":{"line":1777,"column":38}},"596":{"start":{"line":1778,"column":6},"end":{"line":1778,"column":45}},"597":{"start":{"line":1779,"column":6},"end":{"line":1779,"column":34}},"598":{"start":{"line":1780,"column":6},"end":{"line":1780,"column":46}},"599":{"start":{"line":1782,"column":6},"end":{"line":1786,"column":7}},"600":{"start":{"line":1784,"column":8},"end":{"line":1784,"column":24}},"601":{"start":{"line":1785,"column":8},"end":{"line":1785,"column":15}},"602":{"start":{"line":1788,"column":6},"end":{"line":1807,"column":7}},"603":{"start":{"line":1794,"column":8},"end":{"line":1794,"column":44}},"604":{"start":{"line":1797,"column":8},"end":{"line":1797,"column":41}},"605":{"start":{"line":1799,"column":8},"end":{"line":1806,"column":9}},"606":{"start":{"line":1800,"column":10},"end":{"line":1800,"column":36}},"607":{"start":{"line":1801,"column":10},"end":{"line":1801,"column":17}},"608":{"start":{"line":1804,"column":10},"end":{"line":1804,"column":27}},"609":{"start":{"line":1805,"column":10},"end":{"line":1805,"column":26}},"610":{"start":{"line":1811,"column":6},"end":{"line":1813,"column":51}},"611":{"start":{"line":1815,"column":6},"end":{"line":1818,"column":7}},"612":{"start":{"line":1816,"column":8},"end":{"line":1816,"column":22}},"613":{"start":{"line":1817,"column":8},"end":{"line":1817,"column":56}},"614":{"start":{"line":1820,"column":6},"end":{"line":1823,"column":7}},"615":{"start":{"line":1822,"column":8},"end":{"line":1822,"column":96}},"616":{"start":{"line":1826,"column":6},"end":{"line":1826,"column":28}},"617":{"start":{"line":1828,"column":6},"end":{"line":1828,"column":25}},"618":{"start":{"line":1830,"column":6},"end":{"line":1843,"column":9}},"619":{"start":{"line":1832,"column":8},"end":{"line":1837,"column":9}},"620":{"start":{"line":1833,"column":10},"end":{"line":1833,"column":41}},"621":{"start":{"line":1836,"column":10},"end":{"line":1836,"column":23}},"622":{"start":{"line":1840,"column":8},"end":{"line":1842,"column":9}},"623":{"start":{"line":1841,"column":10},"end":{"line":1841,"column":69}},"624":{"start":{"line":1845,"column":6},"end":{"line":1845,"column":23}},"625":{"start":{"line":1849,"column":6},"end":{"line":1850,"column":66}},"626":{"start":{"line":1852,"column":6},"end":{"line":1854,"column":7}},"627":{"start":{"line":1853,"column":8},"end":{"line":1853,"column":55}},"628":{"start":{"line":1856,"column":6},"end":{"line":1856,"column":60}},"629":{"start":{"line":1867,"column":6},"end":{"line":1870,"column":7}},"630":{"start":{"line":1869,"column":8},"end":{"line":1869,"column":36}},"631":{"start":{"line":1881,"column":4},"end":{"line":1887,"column":6}},"632":{"start":{"line":1882,"column":6},"end":{"line":1884,"column":7}},"633":{"start":{"line":1883,"column":8},"end":{"line":1883,"column":51}},"634":{"start":{"line":1886,"column":6},"end":{"line":1886,"column":24}},"635":{"start":{"line":1899,"column":4},"end":{"line":1984,"column":6}},"636":{"start":{"line":1900,"column":6},"end":{"line":1903,"column":22}},"637":{"start":{"line":1907,"column":6},"end":{"line":1922,"column":7}},"638":{"start":{"line":1910,"column":8},"end":{"line":1912,"column":9}},"639":{"start":{"line":1911,"column":10},"end":{"line":1911,"column":66}},"640":{"start":{"line":1915,"column":8},"end":{"line":1917,"column":9}},"641":{"start":{"line":1916,"column":10},"end":{"line":1916,"column":151}},"642":{"start":{"line":1919,"column":8},"end":{"line":1919,"column":24}},"643":{"start":{"line":1920,"column":8},"end":{"line":1920,"column":34}},"644":{"start":{"line":1924,"column":6},"end":{"line":1929,"column":7}},"645":{"start":{"line":1925,"column":8},"end":{"line":1927,"column":9}},"646":{"start":{"line":1926,"column":10},"end":{"line":1926,"column":66}},"647":{"start":{"line":1928,"column":8},"end":{"line":1928,"column":30}},"648":{"start":{"line":1933,"column":6},"end":{"line":1936,"column":7}},"649":{"start":{"line":1934,"column":8},"end":{"line":1934,"column":30}},"650":{"start":{"line":1935,"column":8},"end":{"line":1935,"column":20}},"651":{"start":{"line":1938,"column":6},"end":{"line":1948,"column":7}},"652":{"start":{"line":1939,"column":8},"end":{"line":1939,"column":37}},"653":{"start":{"line":1940,"column":8},"end":{"line":1944,"column":9}},"654":{"start":{"line":1941,"column":10},"end":{"line":1943,"column":11}},"655":{"start":{"line":1942,"column":12},"end":{"line":1942,"column":55}},"656":{"start":{"line":1946,"column":11},"end":{"line":1948,"column":7}},"657":{"start":{"line":1947,"column":8},"end":{"line":1947,"column":24}},"658":{"start":{"line":1951,"column":6},"end":{"line":1981,"column":9}},"659":{"start":{"line":1952,"column":8},"end":{"line":1952,"column":86}},"660":{"start":{"line":1954,"column":8},"end":{"line":1960,"column":9}},"661":{"start":{"line":1958,"column":10},"end":{"line":1958,"column":37}},"662":{"start":{"line":1959,"column":10},"end":{"line":1959,"column":17}},"663":{"start":{"line":1962,"column":8},"end":{"line":1962,"column":44}},"664":{"start":{"line":1964,"column":8},"end":{"line":1964,"column":29}},"665":{"start":{"line":1967,"column":8},"end":{"line":1967,"column":27}},"666":{"start":{"line":1969,"column":8},"end":{"line":1969,"column":29}},"667":{"start":{"line":1971,"column":8},"end":{"line":1980,"column":9}},"668":{"start":{"line":1973,"column":10},"end":{"line":1973,"column":46}},"669":{"start":{"line":1974,"column":10},"end":{"line":1976,"column":11}},"670":{"start":{"line":1975,"column":12},"end":{"line":1975,"column":33}},"671":{"start":{"line":1979,"column":10},"end":{"line":1979,"column":33}},"672":{"start":{"line":1983,"column":6},"end":{"line":1983,"column":18}},"673":{"start":{"line":1994,"column":4},"end":{"line":2013,"column":6}},"674":{"start":{"line":1995,"column":6},"end":{"line":1996,"column":36}},"675":{"start":{"line":1997,"column":6},"end":{"line":2002,"column":7}},"676":{"start":{"line":1998,"column":8},"end":{"line":1998,"column":30}},"677":{"start":{"line":1999,"column":8},"end":{"line":1999,"column":44}},"678":{"start":{"line":2000,"column":8},"end":{"line":2000,"column":34}},"679":{"start":{"line":2001,"column":8},"end":{"line":2001,"column":15}},"680":{"start":{"line":2004,"column":6},"end":{"line":2011,"column":7}},"681":{"start":{"line":2005,"column":8},"end":{"line":2007,"column":23}},"682":{"start":{"line":2006,"column":10},"end":{"line":2006,"column":34}},"683":{"start":{"line":2010,"column":8},"end":{"line":2010,"column":32}},"684":{"start":{"line":2012,"column":6},"end":{"line":2012,"column":18}},"685":{"start":{"line":2023,"column":4},"end":{"line":2026,"column":6}},"686":{"start":{"line":2024,"column":6},"end":{"line":2024,"column":45}},"687":{"start":{"line":2025,"column":6},"end":{"line":2025,"column":18}},"688":{"start":{"line":2036,"column":4},"end":{"line":2039,"column":6}},"689":{"start":{"line":2037,"column":6},"end":{"line":2037,"column":44}},"690":{"start":{"line":2038,"column":6},"end":{"line":2038,"column":18}},"691":{"start":{"line":2050,"column":4},"end":{"line":2087,"column":6}},"692":{"start":{"line":2051,"column":6},"end":{"line":2052,"column":20}},"693":{"start":{"line":2054,"column":6},"end":{"line":2054,"column":60}},"694":{"start":{"line":2055,"column":6},"end":{"line":2055,"column":61}},"695":{"start":{"line":2058,"column":6},"end":{"line":2063,"column":7}},"696":{"start":{"line":2059,"column":8},"end":{"line":2059,"column":36}},"697":{"start":{"line":2060,"column":8},"end":{"line":2062,"column":9}},"698":{"start":{"line":2061,"column":10},"end":{"line":2061,"column":96}},"699":{"start":{"line":2065,"column":6},"end":{"line":2065,"column":25}},"700":{"start":{"line":2066,"column":6},"end":{"line":2066,"column":33}},"701":{"start":{"line":2068,"column":6},"end":{"line":2068,"column":20}},"702":{"start":{"line":2069,"column":6},"end":{"line":2071,"column":7}},"703":{"start":{"line":2070,"column":8},"end":{"line":2070,"column":50}},"704":{"start":{"line":2072,"column":6},"end":{"line":2078,"column":7}},"705":{"start":{"line":2073,"column":8},"end":{"line":2073,"column":30}},"706":{"start":{"line":2075,"column":8},"end":{"line":2077,"column":9}},"707":{"start":{"line":2076,"column":10},"end":{"line":2076,"column":44}},"708":{"start":{"line":2080,"column":6},"end":{"line":2080,"column":39}},"709":{"start":{"line":2081,"column":6},"end":{"line":2081,"column":33}},"710":{"start":{"line":2082,"column":6},"end":{"line":2082,"column":22}},"711":{"start":{"line":2084,"column":6},"end":{"line":2084,"column":22}},"712":{"start":{"line":2086,"column":6},"end":{"line":2086,"column":18}},"713":{"start":{"line":2094,"column":4},"end":{"line":2096,"column":6}},"714":{"start":{"line":2095,"column":6},"end":{"line":2095,"column":22}},"715":{"start":{"line":2103,"column":4},"end":{"line":2105,"column":6}},"716":{"start":{"line":2104,"column":6},"end":{"line":2104,"column":48}},"717":{"start":{"line":2112,"column":4},"end":{"line":2114,"column":6}},"718":{"start":{"line":2113,"column":6},"end":{"line":2113,"column":25}},"719":{"start":{"line":2121,"column":4},"end":{"line":2130,"column":6}},"720":{"start":{"line":2122,"column":6},"end":{"line":2123,"column":17}},"721":{"start":{"line":2125,"column":6},"end":{"line":2127,"column":7}},"722":{"start":{"line":2126,"column":8},"end":{"line":2126,"column":43}},"723":{"start":{"line":2129,"column":6},"end":{"line":2129,"column":34}},"724":{"start":{"line":2141,"column":4},"end":{"line":2148,"column":6}},"725":{"start":{"line":2142,"column":6},"end":{"line":2142,"column":35}},"726":{"start":{"line":2143,"column":6},"end":{"line":2145,"column":7}},"727":{"start":{"line":2144,"column":8},"end":{"line":2144,"column":42}},"728":{"start":{"line":2146,"column":6},"end":{"line":2146,"column":57}},"729":{"start":{"line":2147,"column":6},"end":{"line":2147,"column":18}},"730":{"start":{"line":2161,"column":4},"end":{"line":2166,"column":6}},"731":{"start":{"line":2162,"column":6},"end":{"line":2164,"column":7}},"732":{"start":{"line":2163,"column":8},"end":{"line":2163,"column":64}},"733":{"start":{"line":2165,"column":6},"end":{"line":2165,"column":18}},"734":{"start":{"line":2177,"column":4},"end":{"line":2188,"column":6}},"735":{"start":{"line":2178,"column":6},"end":{"line":2180,"column":14}},"736":{"start":{"line":2182,"column":6},"end":{"line":2186,"column":7}},"737":{"start":{"line":2183,"column":8},"end":{"line":2185,"column":9}},"738":{"start":{"line":2184,"column":10},"end":{"line":2184,"column":36}},"739":{"start":{"line":2187,"column":6},"end":{"line":2187,"column":18}},"740":{"start":{"line":2203,"column":4},"end":{"line":2227,"column":6}},"741":{"start":{"line":2204,"column":6},"end":{"line":2207,"column":14}},"742":{"start":{"line":2210,"column":6},"end":{"line":2225,"column":7}},"743":{"start":{"line":2211,"column":8},"end":{"line":2224,"column":9}},"744":{"start":{"line":2212,"column":10},"end":{"line":2223,"column":11}},"745":{"start":{"line":2213,"column":12},"end":{"line":2213,"column":35}},"746":{"start":{"line":2214,"column":12},"end":{"line":2219,"column":13}},"747":{"start":{"line":2215,"column":14},"end":{"line":2218,"column":15}},"748":{"start":{"line":2216,"column":16},"end":{"line":2216,"column":37}},"749":{"start":{"line":2217,"column":16},"end":{"line":2217,"column":22}},"750":{"start":{"line":2222,"column":12},"end":{"line":2222,"column":32}},"751":{"start":{"line":2226,"column":6},"end":{"line":2226,"column":18}},"752":{"start":{"line":2237,"column":4},"end":{"line":2241,"column":6}},"753":{"start":{"line":2238,"column":6},"end":{"line":2240,"column":7}},"754":{"start":{"line":2239,"column":8},"end":{"line":2239,"column":25}},"755":{"start":{"line":2243,"column":4},"end":{"line":2245,"column":6}},"756":{"start":{"line":2244,"column":6},"end":{"line":2244,"column":25}},"757":{"start":{"line":2247,"column":4},"end":{"line":2258,"column":6}},"758":{"start":{"line":2248,"column":6},"end":{"line":2250,"column":14}},"759":{"start":{"line":2252,"column":6},"end":{"line":2254,"column":7}},"760":{"start":{"line":2
[...]
d":{"line":1530,"column":50}},{"start":{"line":1530,"column":53},"end":{"line":1530,"column":54}}]},"181":{"line":1536,"type":"if","locations":[{"start":{"line":1536,"column":12},"end":{"line":1536,"column":12}},{"start":{"line":1536,"column":12},"end":{"line":1536,"column":12}}]},"182":{"line":1536,"type":"binary-expr","locations":[{"start":{"line":1536,"column":17},"end":{"line":1536,"column":30}},{"start":{"line":1536,"column":34},"end":{"line":1536,"column":61}},{"start":{"line":1537,"column":17},"end":{"line":1537,"column":30}},{"start":{"line":1537,"column":34},"end":{"line":1537,"column":61}}]},"183":{"line":1541,"type":"if","locations":[{"start":{"line":1541,"column":14},"end":{"line":1541,"column":14}},{"start":{"line":1541,"column":14},"end":{"line":1541,"column":14}}]},"184":{"line":1548,"type":"if","locations":[{"start":{"line":1548,"column":12},"end":{"line":1548,"column":12}},{"start":{"line":1548,"column":12},"end":{"line":1548,"column":12}}]},"185":{"line":1550,"type":"if","locations":[{"start":{"line":1550,"column":14},"end":{"line":1550,"column":14}},{"start":{"line":1550,"column":14},"end":{"line":1550,"column":14}}]},"186":{"line":1578,"type":"if","locations":[{"start":{"line":1578,"column":6},"end":{"line":1578,"column":6}},{"start":{"line":1578,"column":6},"end":{"line":1578,"column":6}}]},"187":{"line":1578,"type":"binary-expr","locations":[{"start":{"line":1578,"column":10},"end":{"line":1578,"column":38}},{"start":{"line":1579,"column":10},"end":{"line":1579,"column":57}}]},"188":{"line":1587,"type":"if","locations":[{"start":{"line":1587,"column":10},"end":{"line":1587,"column":10}},{"start":{"line":1587,"column":10},"end":{"line":1587,"column":10}}]},"189":{"line":1590,"type":"if","locations":[{"start":{"line":1590,"column":12},"end":{"line":1590,"column":12}},{"start":{"line":1590,"column":12},"end":{"line":1590,"column":12}}]},"190":{"line":1606,"type":"if","locations":[{"start":{"line":1606,"column":8},"end":{"line":1606,"column":8}},{"start":{"line":1606,"column":8},"end":{"line":1606,"column":8}}]},"191":{"line":1642,"type":"if","locations":[{"start":{"line":1642,"column":6},"end":{"line":1642,"column":6}},{"start":{"line":1642,"column":6},"end":{"line":1642,"column":6}}]},"192":{"line":1648,"type":"if","locations":[{"start":{"line":1648,"column":6},"end":{"line":1648,"column":6}},{"start":{"line":1648,"column":6},"end":{"line":1648,"column":6}}]},"193":{"line":1652,"type":"binary-expr","locations":[{"start":{"line":1652,"column":24},"end":{"line":1652,"column":39}},{"start":{"line":1652,"column":43},"end":{"line":1652,"column":82}}]},"194":{"line":1663,"type":"if","locations":[{"start":{"line":1663,"column":8},"end":{"line":1663,"column":8}},{"start":{"line":1663,"column":8},"end":{"line":1663,"column":8}}]},"195":{"line":1668,"type":"if","locations":[{"start":{"line":1668,"column":8},"end":{"line":1668,"column":8}},{"start":{"line":1668,"column":8},"end":{"line":1668,"column":8}}]},"196":{"line":1669,"type":"if","locations":[{"start":{"line":1669,"column":10},"end":{"line":1669,"column":10}},{"start":{"line":1669,"column":10},"end":{"line":1669,"column":10}}]},"197":{"line":1679,"type":"if","locations":[{"start":{"line":1679,"column":8},"end":{"line":1679,"column":8}},{"start":{"line":1679,"column":8},"end":{"line":1679,"column":8}}]},"198":{"line":1683,"type":"if","locations":[{"start":{"line":1683,"column":8},"end":{"line":1683,"column":8}},{"start":{"line":1683,"column":8},"end":{"line":1683,"column":8}}]},"199":{"line":1695,"type":"if","locations":[{"start":{"line":1695,"column":8},"end":{"line":1695,"column":8}},{"start":{"line":1695,"column":8},"end":{"line":1695,"column":8}}]},"200":{"line":1704,"type":"if","locations":[{"start":{"line":1704,"column":6},"end":{"line":1704,"column":6}},{"start":{"line":1704,"column":6},"end":{"line":1704,"column":6}}]},"201":{"line":1704,"type":"binary-expr","locations":[{"start":{"line":1704,"column":10},"end":{"line":1704,"column":23}},{"start":{"line":1704,"column":27},"end":{"line":1704,"column":55}}]},"202":{"line":1709,"type":"if","locations":[{"start":{"line":1709,"column":11},"end":{"line":1709,"column":11}},{"start":{"line":1709,"column":11},"end":{"line":1709,"column":11}}]},"203":{"line":1709,"type":"binary-expr","locations":[{"start":{"line":1709,"column":15},"end":{"line":1709,"column":43}},{"start":{"line":1709,"column":47},"end":{"line":1709,"column":94}}]},"204":{"line":1713,"type":"if","locations":[{"start":{"line":1713,"column":8},"end":{"line":1713,"column":8}},{"start":{"line":1713,"column":8},"end":{"line":1713,"column":8}}]},"205":{"line":1713,"type":"binary-expr","locations":[{"start":{"line":1713,"column":12},"end":{"line":1713,"column":38}},{"start":{"line":1713,"column":42},"end":{"line":1713,"column":55}}]},"206":{"line":1718,"type":"if","locations":[{"start":{"line":1718,"column":13},"end":{"line":1718,"column":13}},{"start":{"line":1718,"column":13},"end":{"line":1718,"column":13}}]},"207":{"line":1741,"type":"if","locations":[{"start":{"line":1741,"column":8},"end":{"line":1741,"column":8}},{"start":{"line":1741,"column":8},"end":{"line":1741,"column":8}}]},"208":{"line":1741,"type":"binary-expr","locations":[{"start":{"line":1741,"column":12},"end":{"line":1741,"column":37}},{"start":{"line":1742,"column":12},"end":{"line":1742,"column":25}},{"start":{"line":1743,"column":12},"end":{"line":1743,"column":28}}]},"209":{"line":1754,"type":"if","locations":[{"start":{"line":1754,"column":6},"end":{"line":1754,"column":6}},{"start":{"line":1754,"column":6},"end":{"line":1754,"column":6}}]},"210":{"line":1759,"type":"if","locations":[{"start":{"line":1759,"column":8},"end":{"line":1759,"column":8}},{"start":{"line":1759,"column":8},"end":{"line":1759,"column":8}}]},"211":{"line":1777,"type":"binary-expr","locations":[{"start":{"line":1777,"column":20},"end":{"line":1777,"column":32}},{"start":{"line":1777,"column":36},"end":{"line":1777,"column":37}}]},"212":{"line":1778,"type":"binary-expr","locations":[{"start":{"line":1778,"column":21},"end":{"line":1778,"column":38}},{"start":{"line":1778,"column":42},"end":{"line":1778,"column":44}}]},"213":{"line":1782,"type":"if","locations":[{"start":{"line":1782,"column":6},"end":{"line":1782,"column":6}},{"start":{"line":1782,"column":6},"end":{"line":1782,"column":6}}]},"214":{"line":1788,"type":"if","locations":[{"start":{"line":1788,"column":6},"end":{"line":1788,"column":6}},{"start":{"line":1788,"column":6},"end":{"line":1788,"column":6}}]},"215":{"line":1799,"type":"if","locations":[{"start":{"line":1799,"column":8},"end":{"line":1799,"column":8}},{"start":{"line":1799,"column":8},"end":{"line":1799,"column":8}}]},"216":{"line":1820,"type":"if","locations":[{"start":{"line":1820,"column":6},"end":{"line":1820,"column":6}},{"start":{"line":1820,"column":6},"end":{"line":1820,"column":6}}]},"217":{"line":1820,"type":"binary-expr","locations":[{"start":{"line":1820,"column":10},"end":{"line":1820,"column":33}},{"start":{"line":1820,"column":37},"end":{"line":1820,"column":68}}]},"218":{"line":1832,"type":"if","locations":[{"start":{"line":1832,"column":8},"end":{"line":1832,"column":8}},{"start":{"line":1832,"column":8},"end":{"line":1832,"column":8}}]},"219":{"line":1840,"type":"if","locations":[{"start":{"line":1840,"column":8},"end":{"line":1840,"column":8}},{"start":{"line":1840,"column":8},"end":{"line":1840,"column":8}}]},"220":{"line":1852,"type":"if","locations":[{"start":{"line":1852,"column":6},"end":{"line":1852,"column":6}},{"start":{"line":1852,"column":6},"end":{"line":1852,"column":6}}]},"221":{"line":1852,"type":"binary-expr","locations":[{"start":{"line":1852,"column":9},"end":{"line":1852,"column":26}},{"start":{"line":1852,"column":30},"end":{"line":1852,"column":58}}]},"222":{"line":1867,"type":"if","locations":[{"start":{"line":1867,"column":6},"end":{"line":1867,"column":6}},{"start":{"line":1867,"column":6},"end":{"line":1867,"column":6}}]},"223":{"line":1882,"type":"if","locations":[{"start":{"line":1882,"column":6},"end":{"line":1882,"column":6}},{"start":{"line":1882,"column":6},"end":{"line":1882,"column":6}}]},"224":{"line":1907,"type":"if","locations":[{"start":{"line":1907,"column":6},"end":{"line":1907,"column":6}},{"start":{"line":1907,"column":6},"end":{"line":1907,"column":6}}]},"225":{"line":1910,"type":"if","locations":[{"start":{"line":1910,"column":8},"end":{"line":1910,"column":8}},{"start":{"line":1910,"column":8},"end":{"line":1910,"column":8}}]},"226":{"line":1915,"type":"if","locations":[{"start":{"line":1915,"column":8},"end":{"line":1915,"column":8}},{"start":{"line":1915,"column":8},"end":{"line":1915,"column":8}}]},"227":{"line":1915,"type":"binary-expr","locations":[{"start":{"line":1915,"column":11},"end":{"line":1915,"column":19}},{"start":{"line":1915,"column":23},"end":{"line":1915,"column":50}}]},"228":{"line":1924,"type":"if","locations":[{"start":{"line":1924,"column":6},"end":{"line":1924,"column":6}},{"start":{"line":1924,"column":6},"end":{"line":1924,"column":6}}]},"229":{"line":1925,"type":"if","locations":[{"start":{"line":1925,"column":8},"end":{"line":1925,"column":8}},{"start":{"line":1925,"column":8},"end":{"line":1925,"column":8}}]},"230":{"line":1933,"type":"if","locations":[{"start":{"line":1933,"column":6},"end":{"line":1933,"column":6}},{"start":{"line":1933,"column":6},"end":{"line":1933,"column":6}}]},"231":{"line":1938,"type":"if","locations":[{"start":{"line":1938,"column":6},"end":{"line":1938,"column":6}},{"start":{"line":1938,"column":6},"end":{"line":1938,"column":6}}]},"232":{"line":1938,"type":"binary-expr","locations":[{"start":{"line":1938,"column":10},"end":{"line":1938,"column":44}},{"start":{"line":1938,"column":48},"end":{"line":1938,"column":76}},{"start":{"line":1938,"column":80},"end":{"line":1938,"column":118}}]},"233":{"line":1940,"type":"if","locations":[{"start":{"line":1940,"column":8},"end":{"line":1940,"column":8}},{"start":{"line":1940,"column":8},"end":{"line":1940,"column":8}}]},"234":{"line":1946,"type":"if","locations":[{"start":{"line":1946,"column":11},"end":{"line":1946,"column":11}},{"start":{"line":1946,"column":11},"end":{"line":1946,"column":11}}]},"235":{"line":1952,"type":"binary-expr","locations":[{"start":{"line":1952,"column":22},"end":{"line":1952,"column":36}},{"start":{"line":1952,"column":41},"end":{"line":1952,"column":85}}]},"236":{"line":1954,"type":"if","locations":[{"start":{"line":1954,"column":8},"end":{"line":1954,"column":8}},{"start":{"line":1954,"column":8},"end":{"line":1954,"column":8}}]},"237":{"line":1971,"type":"if","locations":[{"start":{"line":1971,"column":8},"end":{"line":1971,"column":8}},{"start":{"line":1971,"column":8},"end":{"line":1971,"column":8}}]},"238":{"line":1974,"type":"if","locations":[{"start":{"line":1974,"column":10},"end":{"line":1974,"column":10}},{"start":{"line":1974,"column":10},"end":{"line":1974,"column":10}}]},"239":{"line":1997,"type":"if","locations":[{"start":{"line":1997,"column":6},"end":{"line":1997,"column":6}},{"start":{"line":1997,"column":6},"end":{"line":1997,"column":6}}]},"240":{"line":2004,"type":"if","locations":[{"start":{"line":2004,"column":6},"end":{"line":2004,"column":6}},{"start":{"line":2004,"column":6},"end":{"line":2004,"column":6}}]},"241":{"line":2058,"type":"if","locations":[{"start":{"line":2058,"column":6},"end":{"line":2058,"column":6}},{"start":{"line":2058,"column":6},"end":{"line":2058,"column":6}}]},"242":{"line":2060,"type":"if","locations":[{"start":{"line":2060,"column":8},"end":{"line":2060,"column":8}},{"start":{"line":2060,"column":8},"end":{"line":2060,"column":8}}]},"243":{"line":2060,"type":"binary-expr","locations":[{"start":{"line":2060,"column":11},"end":{"line":2060,"column":22}},{"start":{"line":2060,"column":26},"end":{"line":2060,"column":55}}]},"244":{"line":2069,"type":"if","locations":[{"start":{"line":2069,"column":6},"end":{"line":2069,"column":6}},{"start":{"line":2069,"column":6},"end":{"line":2069,"column":6}}]},"245":{"line":2072,"type":"if","locations":[{"start":{"line":2072,"column":6},"end":{"line":2072,"column":6}},{"start":{"line":2072,"column":6},"end":{"line":2072,"column":6}}]},"246":{"line":2075,"type":"if","locations":[{"start":{"line":2075,"column":8},"end":{"line":2075,"column":8}},{"start":{"line":2075,"column":8},"end":{"line":2075,"column":8}}]},"247":{"line":2075,"type":"binary-expr","locations":[{"start":{"line":2075,"column":12},"end":{"line":2075,"column":20}},{"start":{"line":2075,"column":24},"end":{"line":2075,"column":35}}]},"248":{"line":2143,"type":"if","locations":[{"start":{"line":2143,"column":6},"end":{"line":2143,"column":6}},{"start":{"line":2143,"column":6},"end":{"line":2143,"column":6}}]},"249":{"line":2162,"type":"if","locations":[{"start":{"line":2162,"column":6},"end":{"line":2162,"column":6}},{"start":{"line":2162,"column":6},"end":{"line":2162,"column":6}}]},"250":{"line":2183,"type":"if","locations":[{"start":{"line":2183,"column":8},"end":{"line":2183,"column":8}},{"start":{"line":2183,"column":8},"end":{"line":2183,"column":8}}]},"251":{"line":2211,"type":"if","locations":[{"start":{"line":2211,"column":8},"end":{"line":2211,"column":8}},{"start":{"line":2211,"column":8},"end":{"line":2211,"column":8}}]},"252":{"line":2211,"type":"binary-expr","locations":[{"start":{"line":2211,"column":12},"end":{"line":2211,"column":20}},{"start":{"line":2211,"column":24},"end":{"line":2211,"column":39}}]},"253":{"line":2212,"type":"if","locations":[{"start":{"line":2212,"column":10},"end":{"line":2212,"column":10}},{"start":{"line":2212,"column":10},"end":{"line":2212,"column":10}}]},"254":{"line":2215,"type":"if","locations":[{"start":{"line":2215,"column":14},"end":{"line":2215,"column":14}},{"start":{"line":2215,"column":14},"end":{"line":2215,"column":14}}]},"255":{"line":2238,"type":"if","locations":[{"start":{"line":2238,"column":6},"end":{"line":2238,"column":6}},{"start":{"line":2238,"column":6},"end":{"line":2238,"column":6}}]},"256":{"line":2238,"type":"binary-expr","locations":[{"start":{"line":2238,"column":10},"end":{"line":2238,"column":32}},{"start":{"line":2238,"column":36},"end":{"line":2238,"column":60}}]},"257":{"line":2255,"type":"if","locations":[{"start":{"line":2255,"column":6},"end":{"line":2255,"column":6}},{"start":{"line":2255,"column":6},"end":{"line":2255,"column":6}}]},"258":{"line":2325,"type":"if","locations":[{"start":{"line":2325,"column":6},"end":{"line":2325,"column":6}},{"start":{"line":2325,"column":6},"end":{"line":2325,"column":6}}]},"259":{"line":2331,"type":"if","locations":[{"start":{"line":2331,"column":6},"end":{"line":2331,"column":6}},{"start":{"line":2331,"column":6},"end":{"line":2331,"column":6}}]},"260":{"line":2339,"type":"if","locations":[{"start":{"line":2339,"column":8},"end":{"line":2339,"column":8}},{"start":{"line":2339,"column":8},"end":{"line":2339,"column":8}}]},"261":{"line":2455,"type":"if","locations":[{"start":{"line":2455,"column":6},"end":{"line":2455,"column":6}},{"start":{"line":2455,"column":6},"end":{"line":2455,"column":6}}]},"262":{"line":2459,"type":"if","locations":[{"start":{"line":2459,"column":11},"end":{"line":2459,"column":11}},{"start":{"line":2459,"column":11},"end":{"line":2459,"column":11}}]},"263":{"line":2472,"type":"if","locations":[{"start":{"line":2472,"column":6},"end":{"line":2472,"column":6}},{"start":{"line":2472,"column":6},"end":{"line":2472,"column":6}}]},"264":{"line":2492,"type":"if","locations":[{"start":{"line":2492,"column":2},"end":{"line":2492,"column":2}},{"start":{"line":2492,"column":2},"end":{"line":2492,"column":2}}]},"265":{"line":2494,"type":"if","locations":[{"start":{"line":2494,"column":2},"end":{"line":2494,"column":2}},{"start":{"line":2494,"column":2},"end":{"line":2494,"column":2}}]},"266":{"line":2496,"type":"if","locations":[{"start":{"line":2496,"column":4},"end":{"line":2496,"column":4}},{"start":{"line":2496,"column":4},"end":{"line":2496,"column":4}}]},"267":{"line":2497,"type":"if","locations":[{"start":{"line":2497,"column":4},"end":{"line":2497,"column":4}},{"start":{"line":2497,"column":4},"end":{"line":2497,"column":4}}]},"268":{"line":2498,"type":"if","locations":[{"start":{"line":2498,"column":4},"end":{"line":2498,"column":4}},{"start":{"line":2498,"column":4},"end":{"line":2498,"column":4}}]},"269":{"line":2499,"type":"if","locations":[{"start":{"line":2499,"column":4},"end":{"line":2499,"column":4}},{"start":{"line":2499,"column":4},"end":{"line":2499,"column":4}}]},"270":{"line":2500,"type":"if","locations":[{"start":{"line":2500,"column":4},"end":{"line":2500,"column":4}},{"start":{"line":2500,"column":4},"end":{"line":2500,"column":4}}]},"271":{"line":2504,"type":"binary-expr","locations":[{"start":{"line":2504,"column":20},"end":{"line":2504,"column":37}},{"start":{"line":2504,"column":41},"end":{"line":2504,"column":43}}]},"272":{"line":2512,"type":"if","locations":[{"start":{"line":2512,"column":4},"end":{"line":2512,"column":4}},{"start":{"line":2512,"column":4},"end":{"line":2512,"column":4}}]},"273":{"line":2526,"type":"cond-expr","locations":[{"start":{"line":2526,"column":34},"end":{"line":2526,"column":36}},{"start":{"line":2526,"column":39},"end":{"line":2526,"column":42}}]},"274":{"line":2528,"type":"cond-expr","locations":[{"start":{"line":2528,"column":36},"end":{"line":2528,"column":38}},{"start":{"line":2528,"column":41},"end":{"line":2528,"column":44}}]},"275":{"line":2530,"type":"if","locations":[{"start":{"line":2530,"column":1},"end":{"line":2530,"column":1}},{"start":{"line":2530,"column":1},"end":{"line":2530,"column":1}}]},"276":{"line":2532,"type":"cond-expr","locations":[{"start":{"line":2532,"column":36},"end":{"line":2532,"column":38}},{"start":{"line":2532,"column":41},"end":{"line":2532,"column":44}}]},"277":{"line":2536,"type":"if","locations":[{"start":{"line":2536,"column":1},"end":{"line":2536,"column":1}},{"start":{"line":2536,"column":1},"end":{"line":2536,"column":1}}]},"278":{"line":2538,"type":"cond-expr","locations":[{"start":{"line":2538,"column":58},"end":{"line":2538,"column":60}},{"start":{"line":2538,"column":63},"end":{"line":2538,"column":66}}]},"279":{"line":2542,"type":"if","locations":[{"start":{"line":2542,"column":1},"end":{"line":2542,"column":1}},{"start":{"line":2542,"column":1},"end":{"line":2542,"column":1}}]},"280":{"line":2544,"type":"cond-expr","locations":[{"start":{"line":2544,"column":60},"end":{"line":2544,"column":62}},{"start":{"line":2544,"column":65},"end":{"line":2544,"column":68}}]},"281":{"line":2548,"type":"if","locations":[{"start":{"line":2548,"column":1},"end":{"line":2548,"column":1}},{"start":{"line":2548,"column":1},"end":{"line":2548,"column":1}}]},"282":{"line":2550,"type":"cond-expr","locations":[{"start":{"line":2550,"column":36},"end":{"line":2550,"column":38}},{"start":{"line":2550,"column":41},"end":{"line":2550,"column":44}}]},"283":{"line":2554,"type":"if","locations":[{"start":{"line":2554,"column":1},"end":{"line":2554,"column":1}},{"start":{"line":2554,"column":1},"end":{"line":2554,"column":1}}]},"284":{"line":2556,"type":"cond-expr","locations":[{"start":{"line":2556,"column":40},"end":{"line":2556,"column":42}},{"start":{"line":2556,"column":45},"end":{"line":2556,"column":48}}]},"285":{"line":2560,"type":"if","locations":[{"start":{"line":2560,"column":1},"end":{"line":2560,"column":1}},{"start":{"line":2560,"column":1},"end":{"line":2560,"column":1}}]},"286":{"line":2562,"type":"cond-expr","locations":[{"start":{"line":2562,"column":36},"end":{"line":2562,"column":38}},{"start":{"line":2562,"column":41},"end":{"line":2562,"column":44}}]},"287":{"line":2566,"type":"if","locations":[{"start":{"line":2566,"column":1},"end":{"line":2566,"column":1}},{"start":{"line":2566,"column":1},"end":{"line":2566,"column":1}}]},"288":{"line":2568,"type":"cond-expr","locations":[{"start":{"line":2568,"column":41},"end":{"line":2568,"column":43}},{"start":{"line":2568,"column":46},"end":{"line":2568,"column":49}}]}}}}